#
# A fatal error has been detected by the Java Runtime Environment:
#
#  SIGSEGV (0xb) at pc=0x0000000100e75529, pid=3062, tid=27651
#
# JRE version: Java(TM) SE Runtime Environment (14.0.2+12) (build 14.0.2+12-46)
# Java VM: Java HotSpot(TM) 64-Bit Server VM (14.0.2+12-46, mixed mode, sharing, tiered, compressed oops, g1 gc, bsd-amd64)
# Problematic frame:
# V  [libjvm.dylib+0x2fa529]  _ZN14GenerateOopMap11bb_mark_fctEPS_iPi+0x17
#
# No core dump will be written. Core dumps have been disabled. To enable core dumping, try "ulimit -c unlimited" before starting Java again
#
# If you would like to submit a bug report, please visit:
#   https://bugreport.java.com/bugreport/crash.jsp
#

---------------  S U M M A R Y ------------

Command Line: -agentlib:jdwp=transport=dt_socket,suspend=y,address=localhost:52229 -ea -javaagent:/Users/chantalwang/eclipse/java-2020-06/Eclipse.app/Contents/Eclipse/configuration/org.eclipse.osgi/214/0/.cp/lib/javaagent-shaded.jar -Dfile.encoding=UTF-8 org.eclipse.jdt.internal.junit.runner.RemoteTestRunner -version 3 -port 52228 -testLoaderClass org.eclipse.jdt.internal.junit5.runner.JUnit5TestLoader -loaderpluginname org.eclipse.jdt.junit5.runtime -classNames tests.TestMovingPieces

Host: MacBookPro12,1 x86_64 3100 MHz, 4 cores, 16G, Darwin 16.7.0
Time: Fri Sep 25 19:25:15 2020 MDT elapsed time: 733 seconds (0d 0h 12m 13s)

---------------  T H R E A D  ---------------

Current thread (0x00007f95f38af800):  JavaThread "JDWP Transport Listener: dt_socket" daemon [_thread_in_vm, id=27651, stack(0x00007000052c1000,0x00007000053c1000)] _threads_hazard_ptr=0x00007f95f247d140

Stack: [0x00007000052c1000,0x00007000053c1000],  sp=0x00007000053c0360,  free space=1020k
Native frames: (J=compiled Java code, A=aot compiled Java code, j=interpreted, Vv=VM code, C=native code)
V  [libjvm.dylib+0x2fa529]  _ZN14GenerateOopMap11bb_mark_fctEPS_iPi+0x17
V  [libjvm.dylib+0x2fa719]  _ZN14GenerateOopMap15jump_targets_doEP14BytecodeStreamPFvPS_iPiES3_+0x59
V  [libjvm.dylib+0x2fa629]  _ZN14GenerateOopMap34mark_bbheaders_and_count_gc_pointsEv+0xc7
V  [libjvm.dylib+0x2fdadb]  _ZN14GenerateOopMap11compute_mapEP6Thread+0x157
V  [libjvm.dylib+0x5e0aa4]  _ZN19OopMapForCacheEntry11compute_mapEP6Thread+0x54
V  [libjvm.dylib+0x5e1286]  _ZN16OopMapCacheEntry4fillERK12methodHandlei+0xac
V  [libjvm.dylib+0x5e1bb7]  _ZN11OopMapCache19compute_one_oop_mapERK12methodHandleiP17InterpreterOopMap+0x5d
V  [libjvm.dylib+0x5a9854]  _ZN6Method8mask_forEiP17InterpreterOopMap+0x7e
V  [libjvm.dylib+0x7364cc]  _ZNK17interpretedVFrame10stack_dataEb+0x48
V  [libjvm.dylib+0x4b8309]  _ZN16VM_GetOrSetLocal22check_slot_type_no_lvtEP10javaVFrame+0x4d
V  [libjvm.dylib+0x4b83f5]  _ZN16VM_GetOrSetLocal13doit_prologueEv+0x8d
V  [libjvm.dylib+0x749b55]  _ZN8VMThread7executeEP12VM_Operation+0x12d
V  [libjvm.dylib+0x4a4b30]  _ZN8JvmtiEnv14GetLocalObjectEP10JavaThreadiiPP8_jobject+0x54
V  [libjvm.dylib+0x466a56]  _ZL20jvmti_GetLocalObjectP9_jvmtiEnvP8_jobjectiiPS2_+0x14d
C  [libjdwp.dylib+0x70f4]  thisObject+0x1ac
C  [libjdwp.dylib+0xe62e]  debugLoop_run+0x1f1
C  [libjdwp.dylib+0x1f8a6]  attachThread+0x54
V  [libjvm.dylib+0x4b6f02]  _ZN16JvmtiAgentThread19call_start_functionEv+0x38
V  [libjvm.dylib+0x6ed18a]  _ZN10JavaThread17thread_main_innerEv+0x86
V  [libjvm.dylib+0x6ecfc8]  _ZN10JavaThread3runEv+0x118
V  [libjvm.dylib+0x6eae07]  _ZN6Thread8call_runEv+0x71
V  [libjvm.dylib+0x5e98be]  _ZL19thread_native_entryP6Thread+0x129
C  [libsystem_pthread.dylib+0x393b]  _pthread_body+0xb4
C  [libsystem_pthread.dylib+0x3887]  _pthread_body+0x0
C  [libsystem_pthread.dylib+0x308d]  thread_start+0xd


siginfo: si_signo: 11 (SIGSEGV), si_code: 0 (unknown), si_addr: 0x0000000000000000

Register to memory mapping:

RAX=0x00007f95f2a84720 points into unknown readable memory: 01 08 00 42 10 00 04 41
RBX=0x00007000053c0550 is pointing into the stack for thread: 0x00007f95f38af800
RCX=0x03fffffffffffecd is an unknown value
RDX=0x0 is NULL
RSP=0x00007000053c0360 is pointing into the stack for thread: 0x00007f95f38af800
RBP=0x00007000053c0370 is pointing into the stack for thread: 0x00007f95f38af800
RSI=0xffffffffffffb372 is an unknown value
RDI=0x00007000053c0550 is pointing into the stack for thread: 0x00007f95f38af800
R8 =0x0000000000000030 is an unknown value
R9 =0x00007f95f24770e0 points into unknown readable memory: f0 79 79 25 01 00 00 00
R10=0x00000000fffffffc is an unknown value
R11=0x0000000000000003 is an unknown value
R12=0x00007000053c0550 is pointing into the stack for thread: 0x00007f95f38af800
R13=0x00000000000000cd is an unknown value
R14=0x0 is NULL
R15=0x00007000053c03f0 is pointing into the stack for thread: 0x00007f95f38af800


Registers:
RAX=0x00007f95f2a84720, RBX=0x00007000053c0550, RCX=0x03fffffffffffecd, RDX=0x0000000000000000
RSP=0x00007000053c0360, RBP=0x00007000053c0370, RSI=0xffffffffffffb372, RDI=0x00007000053c0550
R8 =0x0000000000000030, R9 =0x00007f95f24770e0, R10=0x00000000fffffffc, R11=0x0000000000000003
R12=0x00007000053c0550, R13=0x00000000000000cd, R14=0x0000000000000000, R15=0x00007000053c03f0
RIP=0x0000000100e75529, EFLAGS=0x0000000000010a03, ERR=0x0000000000000000
  TRAPNO=0x000000000000000d

Top of Stack: (sp=0x00007000053c0360)
0x00007000053c0360:   00000000ffffb372 0000000100e75512
0x00007000053c0370:   00007000053c03d0 0000000100e75719
0x00007000053c0380:   00007000053c03f0 00000000ffffffff
0x00007000053c0390:   00007000053c03d0 0000000100e75512
0x00007000053c03a0:   0000000000000000 00000000000000a1
0x00007000053c03b0:   0000000000000001 00007000053c0550
0x00007000053c03c0:   00000000000000cd 00007000053c03f0
0x00007000053c03d0:   00007000053c0450 0000000100e75629
0x00007000053c03e0:   0000000000000000 0000000100e70000
0x00007000053c03f0:   00007f95f2476ed0 00000001257979f0
0x00007000053c0400:   00007f95f38af800 000000d0000000cd
0x00007000053c0410:   000000a10000011c 000000a100000000
0x00007000053c0420:   ab85ee49761000eb 00007000053c0550
0x00007000053c0430:   00007f95f2a846d0 00007000053c0550
0x00007000053c0440:   00007f95f38af800 00007f95f2a846d0
0x00007000053c0450:   00007000053c04f0 0000000100e78adb
0x00007000053c0460:   00007000053c0100 0000000000000000
0x00007000053c0470:   0000000000000002 0000000000000000
0x00007000053c0480:   0000000100057000 000000010133ae7f
0x00007000053c0490:   0000000000000000 0000000100070000
0x00007000053c04a0:   0000000000000000 00007fffb8c3150a
0x00007000053c04b0:   0000000900000000 00007f95f2a83400
0x00007000053c04c0:   0000000000000000 0000000000000000
0x00007000053c04d0:   00007000053c0550 00007000053c0648
0x00007000053c04e0:   00007f95f38af800 00007000053c06d8
0x00007000053c04f0:   00007000053c0540 000000010115baa4
0x00007000053c0500:   00007f95f2476ed0 00007f95f2a83400
0x00007000053c0510:   00007f95f2a84680 00007f95f2a8b3e8
0x00007000053c0520:   00000000000083b0 00007f95f265c1e0
0x00007000053c0530:   000000000000006c 00007000053c06d8
0x00007000053c0540:   00007000053c0680 000000010115c286
0x00007000053c0550:   0000000101467d40 00000001257979f0 

Instructions: (pc=0x0000000100e75529)
0x0000000100e75429:   73 49 00 eb 07 48 8d 35 88 56 4c 00 31 c0 4c 89
0x0000000100e75439:   f7 e8 0b 7e 2f 00 83 3b 00 78 09 48 8d 35 77 56
0x0000000100e75449:   4c 00 eb 07 48 8d 35 6b 56 4c 00 31 c0 4c 89 f7
0x0000000100e75459:   e8 ec 7d 2f 00 8b 0b f7 c1 00 00 00 08 75 0f 0f
0x0000000100e75469:   ba e1 1a 72 1e 48 8d 35 55 56 4c 00 eb 07 48 8d
0x0000000100e75479:   35 47 56 4c 00 31 c0 4c 89 f7 5b 41 5e 5d e9 be
0x0000000100e75489:   7d 2f 00 89 c8 25 00 00 00 f0 3d 00 00 00 40 75
0x0000000100e75499:   19 89 ca 81 e2 ff ff ff 00 f7 c1 00 00 00 02 75
0x0000000100e754a9:   1f 48 8d 35 2e 56 4c 00 eb 2e 81 e1 ff ff ff 03
0x0000000100e754b9:   48 8d 35 27 56 4c 00 31 c0 4c 89 f7 89 ca eb 1d
0x0000000100e754c9:   f7 c1 00 00 00 01 75 09 48 8d 35 ff 55 4c 00 eb
0x0000000100e754d9:   07 48 8d 35 ee 55 4c 00 31 c0 4c 89 f7 5b 41 5e
0x0000000100e754e9:   5d e9 5b 7d 2f 00 90 55 48 89 e5 48 c7 47 68 00
0x0000000100e754f9:   00 00 00 48 8b 47 08 48 83 c7 70 48 8b 40 08 0f
0x0000000100e75509:   b7 70 28 5d e9 06 bd e1 ff 55 48 89 e5 53 50 48
0x0000000100e75519:   89 fb 48 63 f6 48 8b 43 70 48 89 f1 48 c1 e9 06
0x0000000100e75529:   48 8b 04 c8 48 0f a3 f0 72 11 48 8d 7b 70 ba 01
0x0000000100e75539:   00 00 00 e8 c9 c4 e1 ff ff 43 6c 48 83 c4 08 5b
0x0000000100e75549:   5d c3 90 55 48 89 e5 48 83 c7 70 48 63 f6 ba 01
0x0000000100e75559:   00 00 00 5d e9 a8 c4 e1 ff 55 48 89 e5 41 57 41
0x0000000100e75569:   56 41 55 41 54 53 48 83 ec 48 49 89 fd 48 8b 05
0x0000000100e75579:   03 0c 55 00 48 8b 00 48 89 45 d0 49 c7 45 68 00
0x0000000100e75589:   00 00 00 49 8d 7d 70 49 8b 45 08 48 8b 40 08 0f
0x0000000100e75599:   b7 70 28 e8 77 bc e1 ff 49 8b 75 08 48 8d 5d 90
0x0000000100e755a9:   48 89 df e8 c7 3d 00 00 66 83 7b 08 00 74 1f 31
0x0000000100e755b9:   db 48 8b 45 90 0f b7 74 d8 04 4c 89 ef e8 47 ff
0x0000000100e755c9:   ff ff 48 ff c3 0f b7 45 98 48 39 c3 72 e3 49 8d
0x0000000100e755d9:   75 08 48 8d 5d a0 48 89 df e8 25 63 e2 ff 48 89
0x0000000100e755e9:   df e8 91 7d d0 ff 89 c3 85 db 0f 88 99 00 00 00
0x0000000100e755f9:   45 31 e4 4c 8d 7d a0 44 8b 75 b8 41 f6 c4 01 75
0x0000000100e75609:   0b 4c 89 ef 44 89 f6 e8 fd fe ff ff 31 c9 4c 89
0x0000000100e75619:   ef 4c 89 fe 48 8d 15 ee fe ff ff e8 97 00 00 00 


Stack slot to memory mapping:
stack at sp + 0 slots: 0x00000000ffffb372 is an unknown value
stack at sp + 1 slots: 0x0000000100e75512: _ZN14GenerateOopMap11bb_mark_fctEPS_iPi+0 in /Library/Java/JavaVirtualMachines/jdk-14.0.2.jdk/Contents/Home/lib/server/libjvm.dylib at 0x0000000100b7b000
stack at sp + 2 slots: 0x00007000053c03d0 is pointing into the stack for thread: 0x00007f95f38af800
stack at sp + 3 slots: 0x0000000100e75719: _ZN14GenerateOopMap15jump_targets_doEP14BytecodeStreamPFvPS_iPiES3_+0x59 in /Library/Java/JavaVirtualMachines/jdk-14.0.2.jdk/Contents/Home/lib/server/libjvm.dylib at 0x0000000100b7b000
stack at sp + 4 slots: 0x00007000053c03f0 is pointing into the stack for thread: 0x00007f95f38af800
stack at sp + 5 slots: 0x00000000ffffffff is an unknown value
stack at sp + 6 slots: 0x00007000053c03d0 is pointing into the stack for thread: 0x00007f95f38af800
stack at sp + 7 slots: 0x0000000100e75512: _ZN14GenerateOopMap11bb_mark_fctEPS_iPi+0 in /Library/Java/JavaVirtualMachines/jdk-14.0.2.jdk/Contents/Home/lib/server/libjvm.dylib at 0x0000000100b7b000


---------------  P R O C E S S  ---------------

Threads class SMR info:
_java_thread_list=0x00007f95f247d140, length=14, elements={
0x00007f95f4004000, 0x00007f95f2816800, 0x00007f95f3002800, 0x00007f95f405b800,
0x00007f95f302b800, 0x00007f95f302c000, 0x00007f95f38b2800, 0x00007f95f3035000,
0x00007f95f303e000, 0x00007f95f38af800, 0x00007f95f38b5800, 0x00007f95f38b6800,
0x00007f95f4140800, 0x00007f95f31c2800
}

Java Threads: ( => current thread )
  0x00007f95f4004000 JavaThread "main" [_thread_blocked, id=8963, stack(0x00000001000cc000,0x00000001001cc000)]
  0x00007f95f2816800 JavaThread "Reference Handler" daemon [_thread_blocked, id=18435, stack(0x0000700004aa9000,0x0000700004ba9000)]
  0x00007f95f3002800 JavaThread "Finalizer" daemon [_thread_blocked, id=19203, stack(0x0000700004bac000,0x0000700004cac000)]
  0x00007f95f405b800 JavaThread "Signal Dispatcher" daemon [_thread_blocked, id=23051, stack(0x0000700004caf000,0x0000700004daf000)]
  0x00007f95f302b800 JavaThread "Service Thread" daemon [_thread_blocked, id=23811, stack(0x0000700004db2000,0x0000700004eb2000)]
  0x00007f95f302c000 JavaThread "C2 CompilerThread0" daemon [_thread_blocked, id=24579, stack(0x0000700004eb5000,0x0000700004fb5000)]
  0x00007f95f38b2800 JavaThread "C1 CompilerThread0" daemon [_thread_blocked, id=25347, stack(0x0000700004fb8000,0x00007000050b8000)]
  0x00007f95f3035000 JavaThread "Sweeper thread" daemon [_thread_blocked, id=26115, stack(0x00007000050bb000,0x00007000051bb000)]
  0x00007f95f303e000 JavaThread "Common-Cleaner" daemon [_thread_blocked, id=26883, stack(0x00007000051be000,0x00007000052be000)]
=>0x00007f95f38af800 JavaThread "JDWP Transport Listener: dt_socket" daemon [_thread_in_vm, id=27651, stack(0x00007000052c1000,0x00007000053c1000)]
  0x00007f95f38b5800 JavaThread "JDWP Event Helper Thread" daemon [_thread_blocked, id=28419, stack(0x00007000053c4000,0x00007000054c4000)]
  0x00007f95f38b6800 JavaThread "JDWP Command Reader" daemon [_thread_in_native, id=29187, stack(0x00007000054c7000,0x00007000055c7000)]
  0x00007f95f4140800 JavaThread "Notification Thread" daemon [_thread_blocked, id=29955, stack(0x00007000055ca000,0x00007000056ca000)]
  0x00007f95f31c2800 JavaThread "ReaderThread" [_thread_in_native, id=32771, stack(0x0000700005ad9000,0x0000700005bd9000)]

Other Threads:
  0x00007f95f405b000 VMThread "VM Thread" [stack: 0x00007000049a6000,0x0000700004aa6000] [id=17411]
  0x00007f95f4141800 WatcherThread [stack: 0x00007000056cd000,0x00007000057cd000] [id=30467]
  0x00007f95f4044800 GCTaskThread "GC Thread#0" [stack: 0x0000700004497000,0x0000700004597000] [id=14339]
  0x00007f95f415e800 GCTaskThread "GC Thread#1" [stack: 0x00007000057d0000,0x00007000058d0000] [id=30979]
  0x00007f95f415f800 GCTaskThread "GC Thread#2" [stack: 0x00007000058d3000,0x00007000059d3000] [id=31491]
  0x00007f95f4160000 GCTaskThread "GC Thread#3" [stack: 0x00007000059d6000,0x0000700005ad6000] [id=32003]
  0x00007f95f3024800 ConcurrentGCThread "G1 Main Marker" [stack: 0x000070000459a000,0x000070000469a000] [id=14851]
  0x00007f95f4045000 ConcurrentGCThread "G1 Conc#0" [stack: 0x000070000469d000,0x000070000479d000] [id=15875]
  0x00007f95f3883800 ConcurrentGCThread "G1 Refine#0" [stack: 0x00007000047a0000,0x00007000048a0000] [id=16387]
  0x00007f95f3884800 ConcurrentGCThread "G1 Young RemSet Sampling" [stack: 0x00007000048a3000,0x00007000049a3000] [id=16899]

Threads with active compile tasks:

VM state:not at safepoint (normal execution)

VM Mutex/Monitor currently owned by a thread: None

Heap address: 0x0000000700000000, size: 4096 MB, Compressed Oops mode: Zero based, Oop shift amount: 3
Narrow klass base: 0x0000000800000000, Narrow klass shift: 3
Compressed class space size: 1073741824 Address: 0x0000000800b05000

Heap:
 garbage-first heap   total 264192K, used 4457K [0x0000000700000000, 0x0000000800000000)
  region size 1024K, 5 young (5120K), 3 survivors (3072K)
 Metaspace       used 6696K, capacity 7489K, committed 7680K, reserved 1056768K
  class space    used 780K, capacity 964K, committed 1024K, reserved 1048576K
Heap Regions: E=young(eden), S=young(survivor), O=old, HS=humongous(starts), HC=humongous(continues), CS=collection set, F=free, OA=open archive, CA=closed archive, TAMS=top-at-mark-start (previous, next)
|   0|0x0000000700000000, 0x0000000700000000, 0x0000000700100000|  0%| F|  |TAMS 0x0000000700000000, 0x0000000700000000| Untracked 
|   1|0x0000000700100000, 0x0000000700100000, 0x0000000700200000|  0%| F|  |TAMS 0x0000000700100000, 0x0000000700100000| Untracked 
|   2|0x0000000700200000, 0x0000000700200000, 0x0000000700300000|  0%| F|  |TAMS 0x0000000700200000, 0x0000000700200000| Untracked 
|   3|0x0000000700300000, 0x0000000700300000, 0x0000000700400000|  0%| F|  |TAMS 0x0000000700300000, 0x0000000700300000| Untracked 
|   4|0x0000000700400000, 0x0000000700400000, 0x0000000700500000|  0%| F|  |TAMS 0x0000000700400000, 0x0000000700400000| Untracked 
|   5|0x0000000700500000, 0x0000000700500000, 0x0000000700600000|  0%| F|  |TAMS 0x0000000700500000, 0x0000000700500000| Untracked 
|   6|0x0000000700600000, 0x0000000700600000, 0x0000000700700000|  0%| F|  |TAMS 0x0000000700600000, 0x0000000700600000| Untracked 
|   7|0x0000000700700000, 0x0000000700700000, 0x0000000700800000|  0%| F|  |TAMS 0x0000000700700000, 0x0000000700700000| Untracked 
|   8|0x0000000700800000, 0x0000000700800000, 0x0000000700900000|  0%| F|  |TAMS 0x0000000700800000, 0x0000000700800000| Untracked 
|   9|0x0000000700900000, 0x0000000700900000, 0x0000000700a00000|  0%| F|  |TAMS 0x0000000700900000, 0x0000000700900000| Untracked 
|  10|0x0000000700a00000, 0x0000000700a00000, 0x0000000700b00000|  0%| F|  |TAMS 0x0000000700a00000, 0x0000000700a00000| Untracked 
|  11|0x0000000700b00000, 0x0000000700b00000, 0x0000000700c00000|  0%| F|  |TAMS 0x0000000700b00000, 0x0000000700b00000| Untracked 
|  12|0x0000000700c00000, 0x0000000700c00000, 0x0000000700d00000|  0%| F|  |TAMS 0x0000000700c00000, 0x0000000700c00000| Untracked 
|  13|0x0000000700d00000, 0x0000000700d00000, 0x0000000700e00000|  0%| F|  |TAMS 0x0000000700d00000, 0x0000000700d00000| Untracked 
|  14|0x0000000700e00000, 0x0000000700e00000, 0x0000000700f00000|  0%| F|  |TAMS 0x0000000700e00000, 0x0000000700e00000| Untracked 
|  15|0x0000000700f00000, 0x0000000700f00000, 0x0000000701000000|  0%| F|  |TAMS 0x0000000700f00000, 0x0000000700f00000| Untracked 
|  16|0x0000000701000000, 0x0000000701000000, 0x0000000701100000|  0%| F|  |TAMS 0x0000000701000000, 0x0000000701000000| Untracked 
|  17|0x0000000701100000, 0x0000000701100000, 0x0000000701200000|  0%| F|  |TAMS 0x0000000701100000, 0x0000000701100000| Untracked 
|  18|0x0000000701200000, 0x0000000701200000, 0x0000000701300000|  0%| F|  |TAMS 0x0000000701200000, 0x0000000701200000| Untracked 
|  19|0x0000000701300000, 0x0000000701300000, 0x0000000701400000|  0%| F|  |TAMS 0x0000000701300000, 0x0000000701300000| Untracked 
|  20|0x0000000701400000, 0x0000000701400000, 0x0000000701500000|  0%| F|  |TAMS 0x0000000701400000, 0x0000000701400000| Untracked 
|  21|0x0000000701500000, 0x0000000701500000, 0x0000000701600000|  0%| F|  |TAMS 0x0000000701500000, 0x0000000701500000| Untracked 
|  22|0x0000000701600000, 0x0000000701600000, 0x0000000701700000|  0%| F|  |TAMS 0x0000000701600000, 0x0000000701600000| Untracked 
|  23|0x0000000701700000, 0x0000000701700000, 0x0000000701800000|  0%| F|  |TAMS 0x0000000701700000, 0x0000000701700000| Untracked 
|  24|0x0000000701800000, 0x0000000701800000, 0x0000000701900000|  0%| F|  |TAMS 0x0000000701800000, 0x0000000701800000| Untracked 
|  25|0x0000000701900000, 0x0000000701900000, 0x0000000701a00000|  0%| F|  |TAMS 0x0000000701900000, 0x0000000701900000| Untracked 
|  26|0x0000000701a00000, 0x0000000701a00000, 0x0000000701b00000|  0%| F|  |TAMS 0x0000000701a00000, 0x0000000701a00000| Untracked 
|  27|0x0000000701b00000, 0x0000000701b00000, 0x0000000701c00000|  0%| F|  |TAMS 0x0000000701b00000, 0x0000000701b00000| Untracked 
|  28|0x0000000701c00000, 0x0000000701c00000, 0x0000000701d00000|  0%| F|  |TAMS 0x0000000701c00000, 0x0000000701c00000| Untracked 
|  29|0x0000000701d00000, 0x0000000701d00000, 0x0000000701e00000|  0%| F|  |TAMS 0x0000000701d00000, 0x0000000701d00000| Untracked 
|  30|0x0000000701e00000, 0x0000000701e00000, 0x0000000701f00000|  0%| F|  |TAMS 0x0000000701e00000, 0x0000000701e00000| Untracked 
|  31|0x0000000701f00000, 0x0000000701f00000, 0x0000000702000000|  0%| F|  |TAMS 0x0000000701f00000, 0x0000000701f00000| Untracked 
|  32|0x0000000702000000, 0x0000000702000000, 0x0000000702100000|  0%| F|  |TAMS 0x0000000702000000, 0x0000000702000000| Untracked 
|  33|0x0000000702100000, 0x0000000702100000, 0x0000000702200000|  0%| F|  |TAMS 0x0000000702100000, 0x0000000702100000| Untracked 
|  34|0x0000000702200000, 0x0000000702200000, 0x0000000702300000|  0%| F|  |TAMS 0x0000000702200000, 0x0000000702200000| Untracked 
|  35|0x0000000702300000, 0x0000000702300000, 0x0000000702400000|  0%| F|  |TAMS 0x0000000702300000, 0x0000000702300000| Untracked 
|  36|0x0000000702400000, 0x0000000702400000, 0x0000000702500000|  0%| F|  |TAMS 0x0000000702400000, 0x0000000702400000| Untracked 
|  37|0x0000000702500000, 0x0000000702500000, 0x0000000702600000|  0%| F|  |TAMS 0x0000000702500000, 0x0000000702500000| Untracked 
|  38|0x0000000702600000, 0x0000000702600000, 0x0000000702700000|  0%| F|  |TAMS 0x0000000702600000, 0x0000000702600000| Untracked 
|  39|0x0000000702700000, 0x0000000702700000, 0x0000000702800000|  0%| F|  |TAMS 0x0000000702700000, 0x0000000702700000| Untracked 
|  40|0x0000000702800000, 0x0000000702800000, 0x0000000702900000|  0%| F|  |TAMS 0x0000000702800000, 0x0000000702800000| Untracked 
|  41|0x0000000702900000, 0x0000000702900000, 0x0000000702a00000|  0%| F|  |TAMS 0x0000000702900000, 0x0000000702900000| Untracked 
|  42|0x0000000702a00000, 0x0000000702a00000, 0x0000000702b00000|  0%| F|  |TAMS 0x0000000702a00000, 0x0000000702a00000| Untracked 
|  43|0x0000000702b00000, 0x0000000702b00000, 0x0000000702c00000|  0%| F|  |TAMS 0x0000000702b00000, 0x0000000702b00000| Untracked 
|  44|0x0000000702c00000, 0x0000000702c00000, 0x0000000702d00000|  0%| F|  |TAMS 0x0000000702c00000, 0x0000000702c00000| Untracked 
|  45|0x0000000702d00000, 0x0000000702d00000, 0x0000000702e00000|  0%| F|  |TAMS 0x0000000702d00000, 0x0000000702d00000| Untracked 
|  46|0x0000000702e00000, 0x0000000702e00000, 0x0000000702f00000|  0%| F|  |TAMS 0x0000000702e00000, 0x0000000702e00000| Untracked 
|  47|0x0000000702f00000, 0x0000000702f00000, 0x0000000703000000|  0%| F|  |TAMS 0x0000000702f00000, 0x0000000702f00000| Untracked 
|  48|0x0000000703000000, 0x0000000703000000, 0x0000000703100000|  0%| F|  |TAMS 0x0000000703000000, 0x0000000703000000| Untracked 
|  49|0x0000000703100000, 0x0000000703100000, 0x0000000703200000|  0%| F|  |TAMS 0x0000000703100000, 0x0000000703100000| Untracked 
|  50|0x0000000703200000, 0x0000000703200000, 0x0000000703300000|  0%| F|  |TAMS 0x0000000703200000, 0x0000000703200000| Untracked 
|  51|0x0000000703300000, 0x0000000703300000, 0x0000000703400000|  0%| F|  |TAMS 0x0000000703300000, 0x0000000703300000| Untracked 
|  52|0x0000000703400000, 0x0000000703400000, 0x0000000703500000|  0%| F|  |TAMS 0x0000000703400000, 0x0000000703400000| Untracked 
|  53|0x0000000703500000, 0x0000000703500000, 0x0000000703600000|  0%| F|  |TAMS 0x0000000703500000, 0x0000000703500000| Untracked 
|  54|0x0000000703600000, 0x0000000703600000, 0x0000000703700000|  0%| F|  |TAMS 0x0000000703600000, 0x0000000703600000| Untracked 
|  55|0x0000000703700000, 0x0000000703700000, 0x0000000703800000|  0%| F|  |TAMS 0x0000000703700000, 0x0000000703700000| Untracked 
|  56|0x0000000703800000, 0x0000000703800000, 0x0000000703900000|  0%| F|  |TAMS 0x0000000703800000, 0x0000000703800000| Untracked 
|  57|0x0000000703900000, 0x0000000703900000, 0x0000000703a00000|  0%| F|  |TAMS 0x0000000703900000, 0x0000000703900000| Untracked 
|  58|0x0000000703a00000, 0x0000000703a00000, 0x0000000703b00000|  0%| F|  |TAMS 0x0000000703a00000, 0x0000000703a00000| Untracked 
|  59|0x0000000703b00000, 0x0000000703b00000, 0x0000000703c00000|  0%| F|  |TAMS 0x0000000703b00000, 0x0000000703b00000| Untracked 
|  60|0x0000000703c00000, 0x0000000703c00000, 0x0000000703d00000|  0%| F|  |TAMS 0x0000000703c00000, 0x0000000703c00000| Untracked 
|  61|0x0000000703d00000, 0x0000000703d00000, 0x0000000703e00000|  0%| F|  |TAMS 0x0000000703d00000, 0x0000000703d00000| Untracked 
|  62|0x0000000703e00000, 0x0000000703e00000, 0x0000000703f00000|  0%| F|  |TAMS 0x0000000703e00000, 0x0000000703e00000| Untracked 
|  63|0x0000000703f00000, 0x0000000703f00000, 0x0000000704000000|  0%| F|  |TAMS 0x0000000703f00000, 0x0000000703f00000| Untracked 
|  64|0x0000000704000000, 0x0000000704000000, 0x0000000704100000|  0%| F|  |TAMS 0x0000000704000000, 0x0000000704000000| Untracked 
|  65|0x0000000704100000, 0x0000000704100000, 0x0000000704200000|  0%| F|  |TAMS 0x0000000704100000, 0x0000000704100000| Untracked 
|  66|0x0000000704200000, 0x0000000704200000, 0x0000000704300000|  0%| F|  |TAMS 0x0000000704200000, 0x0000000704200000| Untracked 
|  67|0x0000000704300000, 0x0000000704300000, 0x0000000704400000|  0%| F|  |TAMS 0x0000000704300000, 0x0000000704300000| Untracked 
|  68|0x0000000704400000, 0x0000000704400000, 0x0000000704500000|  0%| F|  |TAMS 0x0000000704400000, 0x0000000704400000| Untracked 
|  69|0x0000000704500000, 0x0000000704500000, 0x0000000704600000|  0%| F|  |TAMS 0x0000000704500000, 0x0000000704500000| Untracked 
|  70|0x0000000704600000, 0x0000000704600000, 0x0000000704700000|  0%| F|  |TAMS 0x0000000704600000, 0x0000000704600000| Untracked 
|  71|0x0000000704700000, 0x0000000704700000, 0x0000000704800000|  0%| F|  |TAMS 0x0000000704700000, 0x0000000704700000| Untracked 
|  72|0x0000000704800000, 0x0000000704800000, 0x0000000704900000|  0%| F|  |TAMS 0x0000000704800000, 0x0000000704800000| Untracked 
|  73|0x0000000704900000, 0x0000000704900000, 0x0000000704a00000|  0%| F|  |TAMS 0x0000000704900000, 0x0000000704900000| Untracked 
|  74|0x0000000704a00000, 0x0000000704a00000, 0x0000000704b00000|  0%| F|  |TAMS 0x0000000704a00000, 0x0000000704a00000| Untracked 
|  75|0x0000000704b00000, 0x0000000704b00000, 0x0000000704c00000|  0%| F|  |TAMS 0x0000000704b00000, 0x0000000704b00000| Untracked 
|  76|0x0000000704c00000, 0x0000000704c00000, 0x0000000704d00000|  0%| F|  |TAMS 0x0000000704c00000, 0x0000000704c00000| Untracked 
|  77|0x0000000704d00000, 0x0000000704d00000, 0x0000000704e00000|  0%| F|  |TAMS 0x0000000704d00000, 0x0000000704d00000| Untracked 
|  78|0x0000000704e00000, 0x0000000704e00000, 0x0000000704f00000|  0%| F|  |TAMS 0x0000000704e00000, 0x0000000704e00000| Untracked 
|  79|0x0000000704f00000, 0x0000000704f00000, 0x0000000705000000|  0%| F|  |TAMS 0x0000000704f00000, 0x0000000704f00000| Untracked 
|  80|0x0000000705000000, 0x0000000705000000, 0x0000000705100000|  0%| F|  |TAMS 0x0000000705000000, 0x0000000705000000| Untracked 
|  81|0x0000000705100000, 0x0000000705100000, 0x0000000705200000|  0%| F|  |TAMS 0x0000000705100000, 0x0000000705100000| Untracked 
|  82|0x0000000705200000, 0x0000000705200000, 0x0000000705300000|  0%| F|  |TAMS 0x0000000705200000, 0x0000000705200000| Untracked 
|  83|0x0000000705300000, 0x0000000705300000, 0x0000000705400000|  0%| F|  |TAMS 0x0000000705300000, 0x0000000705300000| Untracked 
|  84|0x0000000705400000, 0x0000000705400000, 0x0000000705500000|  0%| F|  |TAMS 0x0000000705400000, 0x0000000705400000| Untracked 
|  85|0x0000000705500000, 0x0000000705500000, 0x0000000705600000|  0%| F|  |TAMS 0x0000000705500000, 0x0000000705500000| Untracked 
|  86|0x0000000705600000, 0x0000000705600000, 0x0000000705700000|  0%| F|  |TAMS 0x0000000705600000, 0x0000000705600000| Untracked 
|  87|0x0000000705700000, 0x0000000705700000, 0x0000000705800000|  0%| F|  |TAMS 0x0000000705700000, 0x0000000705700000| Untracked 
|  88|0x0000000705800000, 0x0000000705800000, 0x0000000705900000|  0%| F|  |TAMS 0x0000000705800000, 0x0000000705800000| Untracked 
|  89|0x0000000705900000, 0x0000000705900000, 0x0000000705a00000|  0%| F|  |TAMS 0x0000000705900000, 0x0000000705900000| Untracked 
|  90|0x0000000705a00000, 0x0000000705a00000, 0x0000000705b00000|  0%| F|  |TAMS 0x0000000705a00000, 0x0000000705a00000| Untracked 
|  91|0x0000000705b00000, 0x0000000705b00000, 0x0000000705c00000|  0%| F|  |TAMS 0x0000000705b00000, 0x0000000705b00000| Untracked 
|  92|0x0000000705c00000, 0x0000000705c00000, 0x0000000705d00000|  0%| F|  |TAMS 0x0000000705c00000, 0x0000000705c00000| Untracked 
|  93|0x0000000705d00000, 0x0000000705d00000, 0x0000000705e00000|  0%| F|  |TAMS 0x0000000705d00000, 0x0000000705d00000| Untracked 
|  94|0x0000000705e00000, 0x0000000705e00000, 0x0000000705f00000|  0%| F|  |TAMS 0x0000000705e00000, 0x0000000705e00000| Untracked 
|  95|0x0000000705f00000, 0x0000000705f00000, 0x0000000706000000|  0%| F|  |TAMS 0x0000000705f00000, 0x0000000705f00000| Untracked 
|  96|0x0000000706000000, 0x0000000706000000, 0x0000000706100000|  0%| F|  |TAMS 0x0000000706000000, 0x0000000706000000| Untracked 
|  97|0x0000000706100000, 0x0000000706100000, 0x0000000706200000|  0%| F|  |TAMS 0x0000000706100000, 0x0000000706100000| Untracked 
|  98|0x0000000706200000, 0x0000000706200000, 0x0000000706300000|  0%| F|  |TAMS 0x0000000706200000, 0x0000000706200000| Untracked 
|  99|0x0000000706300000, 0x0000000706300000, 0x0000000706400000|  0%| F|  |TAMS 0x0000000706300000, 0x0000000706300000| Untracked 
| 100|0x0000000706400000, 0x0000000706400000, 0x0000000706500000|  0%| F|  |TAMS 0x0000000706400000, 0x0000000706400000| Untracked 
| 101|0x0000000706500000, 0x0000000706500000, 0x0000000706600000|  0%| F|  |TAMS 0x0000000706500000, 0x0000000706500000| Untracked 
| 102|0x0000000706600000, 0x0000000706600000, 0x0000000706700000|  0%| F|  |TAMS 0x0000000706600000, 0x0000000706600000| Untracked 
| 103|0x0000000706700000, 0x0000000706700000, 0x0000000706800000|  0%| F|  |TAMS 0x0000000706700000, 0x0000000706700000| Untracked 
| 104|0x0000000706800000, 0x0000000706800000, 0x0000000706900000|  0%| F|  |TAMS 0x0000000706800000, 0x0000000706800000| Untracked 
| 105|0x0000000706900000, 0x0000000706900000, 0x0000000706a00000|  0%| F|  |TAMS 0x0000000706900000, 0x0000000706900000| Untracked 
| 106|0x0000000706a00000, 0x0000000706a00000, 0x0000000706b00000|  0%| F|  |TAMS 0x0000000706a00000, 0x0000000706a00000| Untracked 
| 107|0x0000000706b00000, 0x0000000706b00000, 0x0000000706c00000|  0%| F|  |TAMS 0x0000000706b00000, 0x0000000706b00000| Untracked 
| 108|0x0000000706c00000, 0x0000000706c00000, 0x0000000706d00000|  0%| F|  |TAMS 0x0000000706c00000, 0x0000000706c00000| Untracked 
| 109|0x0000000706d00000, 0x0000000706d00000, 0x0000000706e00000|  0%| F|  |TAMS 0x0000000706d00000, 0x0000000706d00000| Untracked 
| 110|0x0000000706e00000, 0x0000000706e00000, 0x0000000706f00000|  0%| F|  |TAMS 0x0000000706e00000, 0x0000000706e00000| Untracked 
| 111|0x0000000706f00000, 0x0000000706f00000, 0x0000000707000000|  0%| F|  |TAMS 0x0000000706f00000, 0x0000000706f00000| Untracked 
| 112|0x0000000707000000, 0x0000000707000000, 0x0000000707100000|  0%| F|  |TAMS 0x0000000707000000, 0x0000000707000000| Untracked 
| 113|0x0000000707100000, 0x0000000707100000, 0x0000000707200000|  0%| F|  |TAMS 0x0000000707100000, 0x0000000707100000| Untracked 
| 114|0x0000000707200000, 0x0000000707200000, 0x0000000707300000|  0%| F|  |TAMS 0x0000000707200000, 0x0000000707200000| Untracked 
| 115|0x0000000707300000, 0x0000000707300000, 0x0000000707400000|  0%| F|  |TAMS 0x0000000707300000, 0x0000000707300000| Untracked 
| 116|0x0000000707400000, 0x0000000707400000, 0x0000000707500000|  0%| F|  |TAMS 0x0000000707400000, 0x0000000707400000| Untracked 
| 117|0x0000000707500000, 0x0000000707500000, 0x0000000707600000|  0%| F|  |TAMS 0x0000000707500000, 0x0000000707500000| Untracked 
| 118|0x0000000707600000, 0x0000000707600000, 0x0000000707700000|  0%| F|  |TAMS 0x0000000707600000, 0x0000000707600000| Untracked 
| 119|0x0000000707700000, 0x0000000707700000, 0x0000000707800000|  0%| F|  |TAMS 0x0000000707700000, 0x0000000707700000| Untracked 
| 120|0x0000000707800000, 0x0000000707800000, 0x0000000707900000|  0%| F|  |TAMS 0x0000000707800000, 0x0000000707800000| Untracked 
| 121|0x0000000707900000, 0x0000000707900000, 0x0000000707a00000|  0%| F|  |TAMS 0x0000000707900000, 0x0000000707900000| Untracked 
| 122|0x0000000707a00000, 0x0000000707a00000, 0x0000000707b00000|  0%| F|  |TAMS 0x0000000707a00000, 0x0000000707a00000| Untracked 
| 123|0x0000000707b00000, 0x0000000707b00000, 0x0000000707c00000|  0%| F|  |TAMS 0x0000000707b00000, 0x0000000707b00000| Untracked 
| 124|0x0000000707c00000, 0x0000000707c00000, 0x0000000707d00000|  0%| F|  |TAMS 0x0000000707c00000, 0x0000000707c00000| Untracked 
| 125|0x0000000707d00000, 0x0000000707d00000, 0x0000000707e00000|  0%| F|  |TAMS 0x0000000707d00000, 0x0000000707d00000| Untracked 
| 126|0x0000000707e00000, 0x0000000707e00000, 0x0000000707f00000|  0%| F|  |TAMS 0x0000000707e00000, 0x0000000707e00000| Untracked 
| 127|0x0000000707f00000, 0x0000000707f00000, 0x0000000708000000|  0%| F|  |TAMS 0x0000000707f00000, 0x0000000707f00000| Untracked 
| 128|0x0000000708000000, 0x0000000708000000, 0x0000000708100000|  0%| F|  |TAMS 0x0000000708000000, 0x0000000708000000| Untracked 
| 129|0x0000000708100000, 0x0000000708100000, 0x0000000708200000|  0%| F|  |TAMS 0x0000000708100000, 0x0000000708100000| Untracked 
| 130|0x0000000708200000, 0x0000000708200000, 0x0000000708300000|  0%| F|  |TAMS 0x0000000708200000, 0x0000000708200000| Untracked 
| 131|0x0000000708300000, 0x0000000708300000, 0x0000000708400000|  0%| F|  |TAMS 0x0000000708300000, 0x0000000708300000| Untracked 
| 132|0x0000000708400000, 0x0000000708400000, 0x0000000708500000|  0%| F|  |TAMS 0x0000000708400000, 0x0000000708400000| Untracked 
| 133|0x0000000708500000, 0x0000000708500000, 0x0000000708600000|  0%| F|  |TAMS 0x0000000708500000, 0x0000000708500000| Untracked 
| 134|0x0000000708600000, 0x0000000708600000, 0x0000000708700000|  0%| F|  |TAMS 0x0000000708600000, 0x0000000708600000| Untracked 
| 135|0x0000000708700000, 0x0000000708700000, 0x0000000708800000|  0%| F|  |TAMS 0x0000000708700000, 0x0000000708700000| Untracked 
| 136|0x0000000708800000, 0x0000000708800000, 0x0000000708900000|  0%| F|  |TAMS 0x0000000708800000, 0x0000000708800000| Untracked 
| 137|0x0000000708900000, 0x0000000708900000, 0x0000000708a00000|  0%| F|  |TAMS 0x0000000708900000, 0x0000000708900000| Untracked 
| 138|0x0000000708a00000, 0x0000000708a00000, 0x0000000708b00000|  0%| F|  |TAMS 0x0000000708a00000, 0x0000000708a00000| Untracked 
| 139|0x0000000708b00000, 0x0000000708b00000, 0x0000000708c00000|  0%| F|  |TAMS 0x0000000708b00000, 0x0000000708b00000| Untracked 
| 140|0x0000000708c00000, 0x0000000708c00000, 0x0000000708d00000|  0%| F|  |TAMS 0x0000000708c00000, 0x0000000708c00000| Untracked 
| 141|0x0000000708d00000, 0x0000000708d00000, 0x0000000708e00000|  0%| F|  |TAMS 0x0000000708d00000, 0x0000000708d00000| Untracked 
| 142|0x0000000708e00000, 0x0000000708e00000, 0x0000000708f00000|  0%| F|  |TAMS 0x0000000708e00000, 0x0000000708e00000| Untracked 
| 143|0x0000000708f00000, 0x0000000708f00000, 0x0000000709000000|  0%| F|  |TAMS 0x0000000708f00000, 0x0000000708f00000| Untracked 
| 144|0x0000000709000000, 0x0000000709000000, 0x0000000709100000|  0%| F|  |TAMS 0x0000000709000000, 0x0000000709000000| Untracked 
| 145|0x0000000709100000, 0x0000000709100000, 0x0000000709200000|  0%| F|  |TAMS 0x0000000709100000, 0x0000000709100000| Untracked 
| 146|0x0000000709200000, 0x0000000709200000, 0x0000000709300000|  0%| F|  |TAMS 0x0000000709200000, 0x0000000709200000| Untracked 
| 147|0x0000000709300000, 0x0000000709300000, 0x0000000709400000|  0%| F|  |TAMS 0x0000000709300000, 0x0000000709300000| Untracked 
| 148|0x0000000709400000, 0x0000000709400000, 0x0000000709500000|  0%| F|  |TAMS 0x0000000709400000, 0x0000000709400000| Untracked 
| 149|0x0000000709500000, 0x0000000709500000, 0x0000000709600000|  0%| F|  |TAMS 0x0000000709500000, 0x0000000709500000| Untracked 
| 150|0x0000000709600000, 0x0000000709600000, 0x0000000709700000|  0%| F|  |TAMS 0x0000000709600000, 0x0000000709600000| Untracked 
| 151|0x0000000709700000, 0x0000000709700000, 0x0000000709800000|  0%| F|  |TAMS 0x0000000709700000, 0x0000000709700000| Untracked 
| 152|0x0000000709800000, 0x0000000709800000, 0x0000000709900000|  0%| F|  |TAMS 0x0000000709800000, 0x0000000709800000| Untracked 
| 153|0x0000000709900000, 0x0000000709900000, 0x0000000709a00000|  0%| F|  |TAMS 0x0000000709900000, 0x0000000709900000| Untracked 
| 154|0x0000000709a00000, 0x0000000709a00000, 0x0000000709b00000|  0%| F|  |TAMS 0x0000000709a00000, 0x0000000709a00000| Untracked 
| 155|0x0000000709b00000, 0x0000000709b00000, 0x0000000709c00000|  0%| F|  |TAMS 0x0000000709b00000, 0x0000000709b00000| Untracked 
| 156|0x0000000709c00000, 0x0000000709c00000, 0x0000000709d00000|  0%| F|  |TAMS 0x0000000709c00000, 0x0000000709c00000| Untracked 
| 157|0x0000000709d00000, 0x0000000709d00000, 0x0000000709e00000|  0%| F|  |TAMS 0x0000000709d00000, 0x0000000709d00000| Untracked 
| 158|0x0000000709e00000, 0x0000000709e00000, 0x0000000709f00000|  0%| F|  |TAMS 0x0000000709e00000, 0x0000000709e00000| Untracked 
| 159|0x0000000709f00000, 0x0000000709f00000, 0x000000070a000000|  0%| F|  |TAMS 0x0000000709f00000, 0x0000000709f00000| Untracked 
| 160|0x000000070a000000, 0x000000070a000000, 0x000000070a100000|  0%| F|  |TAMS 0x000000070a000000, 0x000000070a000000| Untracked 
| 161|0x000000070a100000, 0x000000070a100000, 0x000000070a200000|  0%| F|  |TAMS 0x000000070a100000, 0x000000070a100000| Untracked 
| 162|0x000000070a200000, 0x000000070a200000, 0x000000070a300000|  0%| F|  |TAMS 0x000000070a200000, 0x000000070a200000| Untracked 
| 163|0x000000070a300000, 0x000000070a300000, 0x000000070a400000|  0%| F|  |TAMS 0x000000070a300000, 0x000000070a300000| Untracked 
| 164|0x000000070a400000, 0x000000070a400000, 0x000000070a500000|  0%| F|  |TAMS 0x000000070a400000, 0x000000070a400000| Untracked 
| 165|0x000000070a500000, 0x000000070a500000, 0x000000070a600000|  0%| F|  |TAMS 0x000000070a500000, 0x000000070a500000| Untracked 
| 166|0x000000070a600000, 0x000000070a600000, 0x000000070a700000|  0%| F|  |TAMS 0x000000070a600000, 0x000000070a600000| Untracked 
| 167|0x000000070a700000, 0x000000070a700000, 0x000000070a800000|  0%| F|  |TAMS 0x000000070a700000, 0x000000070a700000| Untracked 
| 168|0x000000070a800000, 0x000000070a800000, 0x000000070a900000|  0%| F|  |TAMS 0x000000070a800000, 0x000000070a800000| Untracked 
| 169|0x000000070a900000, 0x000000070a900000, 0x000000070aa00000|  0%| F|  |TAMS 0x000000070a900000, 0x000000070a900000| Untracked 
| 170|0x000000070aa00000, 0x000000070aa00000, 0x000000070ab00000|  0%| F|  |TAMS 0x000000070aa00000, 0x000000070aa00000| Untracked 
| 171|0x000000070ab00000, 0x000000070ab00000, 0x000000070ac00000|  0%| F|  |TAMS 0x000000070ab00000, 0x000000070ab00000| Untracked 
| 172|0x000000070ac00000, 0x000000070ac00000, 0x000000070ad00000|  0%| F|  |TAMS 0x000000070ac00000, 0x000000070ac00000| Untracked 
| 173|0x000000070ad00000, 0x000000070ad00000, 0x000000070ae00000|  0%| F|  |TAMS 0x000000070ad00000, 0x000000070ad00000| Untracked 
| 174|0x000000070ae00000, 0x000000070ae00000, 0x000000070af00000|  0%| F|  |TAMS 0x000000070ae00000, 0x000000070ae00000| Untracked 
| 175|0x000000070af00000, 0x000000070af00000, 0x000000070b000000|  0%| F|  |TAMS 0x000000070af00000, 0x000000070af00000| Untracked 
| 176|0x000000070b000000, 0x000000070b000000, 0x000000070b100000|  0%| F|  |TAMS 0x000000070b000000, 0x000000070b000000| Untracked 
| 177|0x000000070b100000, 0x000000070b100000, 0x000000070b200000|  0%| F|  |TAMS 0x000000070b100000, 0x000000070b100000| Untracked 
| 178|0x000000070b200000, 0x000000070b200000, 0x000000070b300000|  0%| F|  |TAMS 0x000000070b200000, 0x000000070b200000| Untracked 
| 179|0x000000070b300000, 0x000000070b300000, 0x000000070b400000|  0%| F|  |TAMS 0x000000070b300000, 0x000000070b300000| Untracked 
| 180|0x000000070b400000, 0x000000070b400000, 0x000000070b500000|  0%| F|  |TAMS 0x000000070b400000, 0x000000070b400000| Untracked 
| 181|0x000000070b500000, 0x000000070b500000, 0x000000070b600000|  0%| F|  |TAMS 0x000000070b500000, 0x000000070b500000| Untracked 
| 182|0x000000070b600000, 0x000000070b600000, 0x000000070b700000|  0%| F|  |TAMS 0x000000070b600000, 0x000000070b600000| Untracked 
| 183|0x000000070b700000, 0x000000070b700000, 0x000000070b800000|  0%| F|  |TAMS 0x000000070b700000, 0x000000070b700000| Untracked 
| 184|0x000000070b800000, 0x000000070b800000, 0x000000070b900000|  0%| F|  |TAMS 0x000000070b800000, 0x000000070b800000| Untracked 
| 185|0x000000070b900000, 0x000000070b900000, 0x000000070ba00000|  0%| F|  |TAMS 0x000000070b900000, 0x000000070b900000| Untracked 
| 186|0x000000070ba00000, 0x000000070ba00000, 0x000000070bb00000|  0%| F|  |TAMS 0x000000070ba00000, 0x000000070ba00000| Untracked 
| 187|0x000000070bb00000, 0x000000070bb00000, 0x000000070bc00000|  0%| F|  |TAMS 0x000000070bb00000, 0x000000070bb00000| Untracked 
| 188|0x000000070bc00000, 0x000000070bc00000, 0x000000070bd00000|  0%| F|  |TAMS 0x000000070bc00000, 0x000000070bc00000| Untracked 
| 189|0x000000070bd00000, 0x000000070bd00000, 0x000000070be00000|  0%| F|  |TAMS 0x000000070bd00000, 0x000000070bd00000| Untracked 
| 190|0x000000070be00000, 0x000000070be00000, 0x000000070bf00000|  0%| F|  |TAMS 0x000000070be00000, 0x000000070be00000| Untracked 
| 191|0x000000070bf00000, 0x000000070bf00000, 0x000000070c000000|  0%| F|  |TAMS 0x000000070bf00000, 0x000000070bf00000| Untracked 
| 192|0x000000070c000000, 0x000000070c000000, 0x000000070c100000|  0%| F|  |TAMS 0x000000070c000000, 0x000000070c000000| Untracked 
| 193|0x000000070c100000, 0x000000070c100000, 0x000000070c200000|  0%| F|  |TAMS 0x000000070c100000, 0x000000070c100000| Untracked 
| 194|0x000000070c200000, 0x000000070c200000, 0x000000070c300000|  0%| F|  |TAMS 0x000000070c200000, 0x000000070c200000| Untracked 
| 195|0x000000070c300000, 0x000000070c300000, 0x000000070c400000|  0%| F|  |TAMS 0x000000070c300000, 0x000000070c300000| Untracked 
| 196|0x000000070c400000, 0x000000070c400000, 0x000000070c500000|  0%| F|  |TAMS 0x000000070c400000, 0x000000070c400000| Untracked 
| 197|0x000000070c500000, 0x000000070c500000, 0x000000070c600000|  0%| F|  |TAMS 0x000000070c500000, 0x000000070c500000| Untracked 
| 198|0x000000070c600000, 0x000000070c600000, 0x000000070c700000|  0%| F|  |TAMS 0x000000070c600000, 0x000000070c600000| Untracked 
| 199|0x000000070c700000, 0x000000070c700000, 0x000000070c800000|  0%| F|  |TAMS 0x000000070c700000, 0x000000070c700000| Untracked 
| 200|0x000000070c800000, 0x000000070c800000, 0x000000070c900000|  0%| F|  |TAMS 0x000000070c800000, 0x000000070c800000| Untracked 
| 201|0x000000070c900000, 0x000000070c900000, 0x000000070ca00000|  0%| F|  |TAMS 0x000000070c900000, 0x000000070c900000| Untracked 
| 202|0x000000070ca00000, 0x000000070ca00000, 0x000000070cb00000|  0%| F|  |TAMS 0x000000070ca00000, 0x000000070ca00000| Untracked 
| 203|0x000000070cb00000, 0x000000070cb00000, 0x000000070cc00000|  0%| F|  |TAMS 0x000000070cb00000, 0x000000070cb00000| Untracked 
| 204|0x000000070cc00000, 0x000000070cc00000, 0x000000070cd00000|  0%| F|  |TAMS 0x000000070cc00000, 0x000000070cc00000| Untracked 
| 205|0x000000070cd00000, 0x000000070cd00000, 0x000000070ce00000|  0%| F|  |TAMS 0x000000070cd00000, 0x000000070cd00000| Untracked 
| 206|0x000000070ce00000, 0x000000070ce00000, 0x000000070cf00000|  0%| F|  |TAMS 0x000000070ce00000, 0x000000070ce00000| Untracked 
| 207|0x000000070cf00000, 0x000000070cf00000, 0x000000070d000000|  0%| F|  |TAMS 0x000000070cf00000, 0x000000070cf00000| Untracked 
| 208|0x000000070d000000, 0x000000070d000000, 0x000000070d100000|  0%| F|  |TAMS 0x000000070d000000, 0x000000070d000000| Untracked 
| 209|0x000000070d100000, 0x000000070d100000, 0x000000070d200000|  0%| F|  |TAMS 0x000000070d100000, 0x000000070d100000| Untracked 
| 210|0x000000070d200000, 0x000000070d200000, 0x000000070d300000|  0%| F|  |TAMS 0x000000070d200000, 0x000000070d200000| Untracked 
| 211|0x000000070d300000, 0x000000070d300000, 0x000000070d400000|  0%| F|  |TAMS 0x000000070d300000, 0x000000070d300000| Untracked 
| 212|0x000000070d400000, 0x000000070d400000, 0x000000070d500000|  0%| F|  |TAMS 0x000000070d400000, 0x000000070d400000| Untracked 
| 213|0x000000070d500000, 0x000000070d500000, 0x000000070d600000|  0%| F|  |TAMS 0x000000070d500000, 0x000000070d500000| Untracked 
| 214|0x000000070d600000, 0x000000070d600000, 0x000000070d700000|  0%| F|  |TAMS 0x000000070d600000, 0x000000070d600000| Untracked 
| 215|0x000000070d700000, 0x000000070d700000, 0x000000070d800000|  0%| F|  |TAMS 0x000000070d700000, 0x000000070d700000| Untracked 
| 216|0x000000070d800000, 0x000000070d800000, 0x000000070d900000|  0%| F|  |TAMS 0x000000070d800000, 0x000000070d800000| Untracked 
| 217|0x000000070d900000, 0x000000070d900000, 0x000000070da00000|  0%| F|  |TAMS 0x000000070d900000, 0x000000070d900000| Untracked 
| 218|0x000000070da00000, 0x000000070da00000, 0x000000070db00000|  0%| F|  |TAMS 0x000000070da00000, 0x000000070da00000| Untracked 
| 219|0x000000070db00000, 0x000000070db00000, 0x000000070dc00000|  0%| F|  |TAMS 0x000000070db00000, 0x000000070db00000| Untracked 
| 220|0x000000070dc00000, 0x000000070dc00000, 0x000000070dd00000|  0%| F|  |TAMS 0x000000070dc00000, 0x000000070dc00000| Untracked 
| 221|0x000000070dd00000, 0x000000070dd00000, 0x000000070de00000|  0%| F|  |TAMS 0x000000070dd00000, 0x000000070dd00000| Untracked 
| 222|0x000000070de00000, 0x000000070de00000, 0x000000070df00000|  0%| F|  |TAMS 0x000000070de00000, 0x000000070de00000| Untracked 
| 223|0x000000070df00000, 0x000000070df00000, 0x000000070e000000|  0%| F|  |TAMS 0x000000070df00000, 0x000000070df00000| Untracked 
| 224|0x000000070e000000, 0x000000070e000000, 0x000000070e100000|  0%| F|  |TAMS 0x000000070e000000, 0x000000070e000000| Untracked 
| 225|0x000000070e100000, 0x000000070e100000, 0x000000070e200000|  0%| F|  |TAMS 0x000000070e100000, 0x000000070e100000| Untracked 
| 226|0x000000070e200000, 0x000000070e200000, 0x000000070e300000|  0%| F|  |TAMS 0x000000070e200000, 0x000000070e200000| Untracked 
| 227|0x000000070e300000, 0x000000070e300000, 0x000000070e400000|  0%| F|  |TAMS 0x000000070e300000, 0x000000070e300000| Untracked 
| 228|0x000000070e400000, 0x000000070e48e4b8, 0x000000070e500000| 55%| S|CS|TAMS 0x000000070e400000, 0x000000070e400000| Complete 
| 229|0x000000070e500000, 0x000000070e600000, 0x000000070e600000|100%| S|CS|TAMS 0x000000070e500000, 0x000000070e500000| Complete 
| 230|0x000000070e600000, 0x000000070e700000, 0x000000070e700000|100%| S|CS|TAMS 0x000000070e600000, 0x000000070e600000| Complete 
| 231|0x000000070e700000, 0x000000070e700000, 0x000000070e800000|  0%| F|  |TAMS 0x000000070e700000, 0x000000070e700000| Untracked 
| 232|0x000000070e800000, 0x000000070e800000, 0x000000070e900000|  0%| F|  |TAMS 0x000000070e800000, 0x000000070e800000| Untracked 
| 233|0x000000070e900000, 0x000000070e900000, 0x000000070ea00000|  0%| F|  |TAMS 0x000000070e900000, 0x000000070e900000| Untracked 
| 234|0x000000070ea00000, 0x000000070ea00000, 0x000000070eb00000|  0%| F|  |TAMS 0x000000070ea00000, 0x000000070ea00000| Untracked 
| 235|0x000000070eb00000, 0x000000070eb00000, 0x000000070ec00000|  0%| F|  |TAMS 0x000000070eb00000, 0x000000070eb00000| Untracked 
| 236|0x000000070ec00000, 0x000000070ec00000, 0x000000070ed00000|  0%| F|  |TAMS 0x000000070ec00000, 0x000000070ec00000| Untracked 
| 237|0x000000070ed00000, 0x000000070ed00000, 0x000000070ee00000|  0%| F|  |TAMS 0x000000070ed00000, 0x000000070ed00000| Untracked 
| 238|0x000000070ee00000, 0x000000070ee00000, 0x000000070ef00000|  0%| F|  |TAMS 0x000000070ee00000, 0x000000070ee00000| Untracked 
| 239|0x000000070ef00000, 0x000000070ef00000, 0x000000070f000000|  0%| F|  |TAMS 0x000000070ef00000, 0x000000070ef00000| Untracked 
| 240|0x000000070f000000, 0x000000070f000000, 0x000000070f100000|  0%| F|  |TAMS 0x000000070f000000, 0x000000070f000000| Untracked 
| 241|0x000000070f100000, 0x000000070f100000, 0x000000070f200000|  0%| F|  |TAMS 0x000000070f100000, 0x000000070f100000| Untracked 
| 242|0x000000070f200000, 0x000000070f200000, 0x000000070f300000|  0%| F|  |TAMS 0x000000070f200000, 0x000000070f200000| Untracked 
| 243|0x000000070f300000, 0x000000070f300000, 0x000000070f400000|  0%| F|  |TAMS 0x000000070f300000, 0x000000070f300000| Untracked 
| 244|0x000000070f400000, 0x000000070f400000, 0x000000070f500000|  0%| F|  |TAMS 0x000000070f400000, 0x000000070f400000| Untracked 
| 245|0x000000070f500000, 0x000000070f500000, 0x000000070f600000|  0%| F|  |TAMS 0x000000070f500000, 0x000000070f500000| Untracked 
| 246|0x000000070f600000, 0x000000070f600000, 0x000000070f700000|  0%| F|  |TAMS 0x000000070f600000, 0x000000070f600000| Untracked 
| 247|0x000000070f700000, 0x000000070f700000, 0x000000070f800000|  0%| F|  |TAMS 0x000000070f700000, 0x000000070f700000| Untracked 
| 248|0x000000070f800000, 0x000000070f800000, 0x000000070f900000|  0%| F|  |TAMS 0x000000070f800000, 0x000000070f800000| Untracked 
| 249|0x000000070f900000, 0x000000070f900000, 0x000000070fa00000|  0%| F|  |TAMS 0x000000070f900000, 0x000000070f900000| Untracked 
| 250|0x000000070fa00000, 0x000000070fa00000, 0x000000070fb00000|  0%| F|  |TAMS 0x000000070fa00000, 0x000000070fa00000| Untracked 
| 251|0x000000070fb00000, 0x000000070fb00000, 0x000000070fc00000|  0%| F|  |TAMS 0x000000070fb00000, 0x000000070fb00000| Untracked 
| 252|0x000000070fc00000, 0x000000070fc00000, 0x000000070fd00000|  0%| F|  |TAMS 0x000000070fc00000, 0x000000070fc00000| Untracked 
| 253|0x000000070fd00000, 0x000000070fd00000, 0x000000070fe00000|  0%| F|  |TAMS 0x000000070fd00000, 0x000000070fd00000| Untracked 
| 254|0x000000070fe00000, 0x000000070ff00000, 0x000000070ff00000|100%| E|  |TAMS 0x000000070fe00000, 0x000000070fe00000| Complete 
| 255|0x000000070ff00000, 0x0000000710000000, 0x0000000710000000|100%| E|CS|TAMS 0x000000070ff00000, 0x000000070ff00000| Complete 
|3070|0x00000007bfe00000, 0x00000007bfe51000, 0x00000007bff00000| 31%|OA|  |TAMS 0x00000007bfe00000, 0x00000007bfe00000| Untracked 
|3071|0x00000007bff00000, 0x00000007bff7b000, 0x00000007c0000000| 48%|CA|  |TAMS 0x00000007bff00000, 0x00000007bff00000| Untracked 

Card table byte_map: [0x0000000119e7e000,0x000000011a67e000] _byte_map_base: 0x000000011667e000

Marking Bits (Prev, Next): (CMBitMap*) 0x00007f95f3003e18, (CMBitMap*) 0x00007f95f3003e58
 Prev Bits: [0x000000011ae7e000, 0x000000011ee7e000)
 Next Bits: [0x000000011ee7e000, 0x0000000122e7e000)

Polling page: 0x00000001001da000

Metaspace:

Usage:
  Non-class:      6.37 MB capacity,     5.78 MB ( 91%) used,   569.20 KB (  9%) free+waste,    39.75 KB ( <1%) overhead. 
      Class:    964.00 KB capacity,   780.04 KB ( 81%) used,   163.40 KB ( 17%) free+waste,    20.56 KB (  2%) overhead. 
       Both:      7.31 MB capacity,     6.54 MB ( 89%) used,   732.60 KB ( 10%) free+waste,    60.31 KB ( <1%) overhead. 

Virtual space:
  Non-class space:        8.00 MB reserved,       6.50 MB ( 81%) committed 
      Class space:        1.00 GB reserved,       1.00 MB ( <1%) committed 
             Both:        1.01 GB reserved,       7.50 MB ( <1%) committed 

Chunk freelists:
   Non-Class:  39.00 KB
       Class:  8.00 KB
        Both:  47.00 KB

MaxMetaspaceSize: unlimited
CompressedClassSpaceSize: 1.00 GB

CodeHeap 'non-profiled nmethods': size=120032Kb used=455Kb max_used=455Kb free=119576Kb
 bounds [0x0000000111b70000, 0x0000000111de0000, 0x00000001190a8000]
CodeHeap 'profiled nmethods': size=120028Kb used=2981Kb max_used=2981Kb free=117046Kb
 bounds [0x000000010a639000, 0x000000010a929000, 0x0000000111b70000]
CodeHeap 'non-nmethods': size=5700Kb used=1232Kb max_used=1253Kb free=4467Kb
 bounds [0x000000010a0a8000, 0x000000010a318000, 0x000000010a639000]
 total_blobs=1742 nmethods=1321 adapters=335
 compilation: enabled
              stopped_count=0, restarted_count=0
 full_count=0

Compilation events (20 events):
Event: 1.081 Thread 0x00007f95f38b2800 nmethod 1314 0x000000010a91c390 code [0x000000010a91c560, 0x000000010a91c9e0]
Event: 1.082 Thread 0x00007f95f38b2800 1318       3       java.lang.StringUTF16::getChar (60 bytes)
Event: 1.083 Thread 0x00007f95f38b2800 nmethod 1318 0x000000010a91cb90 code [0x000000010a91cd20, 0x000000010a91ce70]
Event: 1.087 Thread 0x00007f95f38b2800 1321       3       java.lang.invoke.MethodHandles$Lookup::resolveOrFail (40 bytes)
Event: 1.088 Thread 0x00007f95f38b2800 nmethod 1321 0x000000010a91cf90 code [0x000000010a91d260, 0x000000010a91dfc0]
Event: 1.088 Thread 0x00007f95f38b2800 1322       3       java.lang.invoke.MethodHandles$Lookup::getDirectMethodForConstant (72 bytes)
Event: 1.090 Thread 0x00007f95f38b2800 nmethod 1322 0x000000010a91e490 code [0x000000010a91e820, 0x000000010a91fe80]
Event: 1.090 Thread 0x00007f95f38b2800 1323       3       java.lang.invoke.DirectMethodHandle::shouldBeInitialized (127 bytes)
Event: 1.092 Thread 0x00007f95f38b2800 nmethod 1323 0x000000010a920690 code [0x000000010a920a20, 0x000000010a921f30]
Event: 1.119 Thread 0x00007f95f302c000 nmethod 1308 0x0000000111bdd790 code [0x0000000111bddba0, 0x0000000111bdf648]
Event: 1.119 Thread 0x00007f95f302c000 1319       4       java.lang.StringUTF16::getChar (60 bytes)
Event: 1.120 Thread 0x00007f95f302c000 nmethod 1319 0x0000000111be0090 code [0x0000000111be0240, 0x0000000111be0358]
Event: 1.120 Thread 0x00007f95f302c000 1316       4       jdk.internal.org.objectweb.asm.Symbol::<init> (38 bytes)
Event: 1.123 Thread 0x00007f95f302c000 nmethod 1316 0x0000000111be0410 code [0x0000000111be0580, 0x0000000111be08d8]
Event: 1.123 Thread 0x00007f95f302c000 1317       4       jdk.internal.org.objectweb.asm.SymbolTable::put (150 bytes)
Event: 1.129 Thread 0x00007f95f302c000 nmethod 1317 0x0000000111be0990 code [0x0000000111be0ba0, 0x0000000111be1058]
Event: 1.129 Thread 0x00007f95f302c000 1320       4       java.lang.AbstractStringBuilder::append (77 bytes)
Event: 1.135 Thread 0x00007f95f302c000 nmethod 1320 0x0000000111be1290 code [0x0000000111be14a0, 0x0000000111be1a58]
Event: 536.068 Thread 0x00007f95f302c000 1324 %     4       org.eclipse.jdt.launching.internal.org.objectweb.asm.ByteVector::encodeUtf8 @ 12 (337 bytes)
Event: 536.131 Thread 0x00007f95f302c000 


GC Heap History (4 events):
Event: 0.629 GC heap before
{Heap before GC invocations=0 (full 0):
 garbage-first heap   total 264192K, used 14128K [0x0000000700000000, 0x0000000800000000)
  region size 1024K, 13 young (13312K), 0 survivors (0K)
 Metaspace       used 3679K, capacity 5191K, committed 5376K, reserved 1056768K
  class space    used 346K, capacity 492K, committed 512K, reserved 1048576K
}
Event: 0.631 GC heap after
{Heap after GC invocations=1 (full 0):
 garbage-first heap   total 264192K, used 2454K [0x0000000700000000, 0x0000000800000000)
  region size 1024K, 2 young (2048K), 2 survivors (2048K)
 Metaspace       used 3679K, capacity 5191K, committed 5376K, reserved 1056768K
  class space    used 346K, capacity 492K, committed 512K, reserved 1048576K
}
Event: 1.051 GC heap before
{Heap before GC invocations=1 (full 0):
 garbage-first heap   total 264192K, used 26006K [0x0000000700000000, 0x0000000800000000)
  region size 1024K, 25 young (25600K), 2 survivors (2048K)
 Metaspace       used 6508K, capacity 7321K, committed 7680K, reserved 1056768K
  class space    used 746K, capacity 908K, committed 1024K, reserved 1048576K
}
Event: 1.056 GC heap after
{Heap after GC invocations=2 (full 0):
 garbage-first heap   total 264192K, used 3433K [0x0000000700000000, 0x0000000800000000)
  region size 1024K, 3 young (3072K), 3 survivors (3072K)
 Metaspace       used 6508K, capacity 7321K, committed 7680K, reserved 1056768K
  class space    used 746K, capacity 908K, committed 1024K, reserved 1048576K
}

Deoptimization events (20 events):
Event: 1.080 Thread 0x00007f95f4004000 Uncommon trap: trap_request=0xffffff45 fr.pc=0x0000000111ba5c8c relative=0x000000000000062c
Event: 1.080 Thread 0x00007f95f4004000 Uncommon trap: reason=unstable_if action=reinterpret pc=0x0000000111ba5c8c method=org.eclipse.jdt.launching.internal.org.objectweb.asm.ClassReader.readUtf(II[C)Ljava/lang/String; @ 41 c2
Event: 1.080 Thread 0x00007f95f4004000 DEOPT PACKING pc=0x0000000111ba5c8c sp=0x00000001001c6e90
Event: 1.080 Thread 0x00007f95f4004000 DEOPT UNPACKING pc=0x000000010a0f0e25 sp=0x00000001001c6e78 mode 2
Event: 1.080 Thread 0x00007f95f4004000 Uncommon trap: trap_request=0xffffff45 fr.pc=0x0000000111ba04f0 relative=0x0000000000000390
Event: 1.080 Thread 0x00007f95f4004000 Uncommon trap: reason=unstable_if action=reinterpret pc=0x0000000111ba04f0 method=java.lang.StringUTF16.compress([CI[BII)I @ 20 c2
Event: 1.080 Thread 0x00007f95f4004000 DEOPT PACKING pc=0x0000000111ba04f0 sp=0x00000001001c6cf0
Event: 1.080 Thread 0x00007f95f4004000 DEOPT UNPACKING pc=0x000000010a0f0e25 sp=0x00000001001c6c90 mode 2
Event: 1.080 Thread 0x00007f95f4004000 Uncommon trap: trap_request=0xffffff45 fr.pc=0x0000000111ba3328 relative=0x0000000000000268
Event: 1.080 Thread 0x00007f95f4004000 Uncommon trap: reason=unstable_if action=reinterpret pc=0x0000000111ba3328 method=java.lang.String.isLatin1()Z @ 10 c2
Event: 1.080 Thread 0x00007f95f4004000 DEOPT PACKING pc=0x0000000111ba3328 sp=0x00000001001c6f70
Event: 1.080 Thread 0x00007f95f4004000 DEOPT UNPACKING pc=0x000000010a0f0e25 sp=0x00000001001c6ec0 mode 2
Event: 1.080 Thread 0x00007f95f4004000 Uncommon trap: trap_request=0xffffff45 fr.pc=0x0000000111b92e6c relative=0x000000000000006c
Event: 1.080 Thread 0x00007f95f4004000 Uncommon trap: reason=unstable_if action=reinterpret pc=0x0000000111b92e6c method=java.lang.String.isLatin1()Z @ 10 c2
Event: 1.080 Thread 0x00007f95f4004000 DEOPT PACKING pc=0x0000000111b92e6c sp=0x00000001001c6ef0
Event: 1.080 Thread 0x00007f95f4004000 DEOPT UNPACKING pc=0x000000010a0f0e25 sp=0x00000001001c6eb0 mode 2
Event: 1.082 Thread 0x00007f95f4004000 Uncommon trap: trap_request=0xffffff45 fr.pc=0x0000000111b84bc4 relative=0x0000000000000044
Event: 1.082 Thread 0x00007f95f4004000 Uncommon trap: reason=unstable_if action=reinterpret pc=0x0000000111b84bc4 method=java.lang.CharacterData.of(I)Ljava/lang/CharacterData; @ 4 c2
Event: 1.082 Thread 0x00007f95f4004000 DEOPT PACKING pc=0x0000000111b84bc4 sp=0x00000001001c86b0
Event: 1.082 Thread 0x00007f95f4004000 DEOPT UNPACKING pc=0x000000010a0f0e25 sp=0x00000001001c8670 mode 2

Classes unloaded (0 events):
No events

Classes redefined (3 events):
Event: 345.836 Thread 0x00007f95f405b000 redefined class name=tests.TestMovingPieces, count=1
Event: 536.073 Thread 0x00007f95f405b000 redefined class name=tests.TestMovingPieces, count=2
Event: 681.477 Thread 0x00007f95f405b000 redefined class name=tests.TestMovingPieces, count=3

Internal exceptions (20 events):
Event: 0.755 Thread 0x00007f95f4004000 Exception <a 'java/lang/NoSuchMethodError'{0x000000070f9c85b0}: 'int java.lang.invoke.DirectMethodHandle$Holder.invokeSpecialIFC(java.lang.Object, java.lang.Object, int)'> (0x000000070f9c85b0) 
thrown [./open/src/hotspot/share/interpreter/linkResolver.cpp, line 766]
Event: 0.760 Thread 0x00007f95f4004000 Exception <a 'java/lang/NoSuchMethodError'{0x000000070f817360}: 'java.lang.Object java.lang.invoke.DirectMethodHandle$Holder.invokeStaticInit(java.lang.Object, java.lang.Object, java.lang.Object)'> (0x000000070f817360) 
thrown [./open/src/hotspot/share/interpreter/linkResolver.cpp, line 766]
Event: 0.762 Thread 0x00007f95f4004000 Exception <a 'java/lang/NoSuchMethodError'{0x000000070f81d898}: 'void java.lang.invoke.DirectMethodHandle$Holder.invokeStaticInit(java.lang.Object, java.lang.Object, java.lang.Object)'> (0x000000070f81d898) 
thrown [./open/src/hotspot/share/interpreter/linkResolver.cpp, line 766]
Event: 0.836 Thread 0x00007f95f4004000 Exception <a 'java/lang/NoSuchMethodError'{0x000000070f56c918}: 'java.lang.Object java.lang.invoke.DirectMethodHandle$Holder.invokeSpecialIFC(java.lang.Object, java.lang.Object, java.lang.Object, java.lang.Object)'> (0x000000070f56c918) 
thrown [./open/src/hotspot/share/interpreter/linkResolver.cpp, line 766]
Event: 0.852 Thread 0x00007f95f4004000 Exception <a 'java/lang/NoSuchMethodError'{0x000000070f439398}: 'void java.lang.invoke.DirectMethodHandle$Holder.invokeSpecial(java.lang.Object, java.lang.Object, java.lang.Object, java.lang.Object)'> (0x000000070f439398) 
thrown [./open/src/hotspot/share/interpreter/linkResolver.cpp, line 766]
Event: 0.856 Thread 0x00007f95f4004000 Exception <a 'java/lang/NoSuchMethodError'{0x000000070f499818}: 'java.lang.Object java.lang.invoke.Invokers$Holder.linkToTargetMethod(java.lang.Object, java.lang.Object, java.lang.Object, java.lang.Object, java.lang.Object, java.lang.Object)'> (0x000000070f499818) 
thrown [./open/src/hotspot/share/interpreter/linkResolver.cpp, line 766]
Event: 0.863 Thread 0x00007f95f4004000 Exception <a 'java/lang/NoSuchMethodError'{0x000000070f3303b0}: 'void java.lang.invoke.DirectMethodHandle$Holder.invokeInterface(java.lang.Object, java.lang.Object, java.lang.Object, java.lang.Object, java.lang.Object)'> (0x000000070f3303b0) 
thrown [./open/src/hotspot/share/interpreter/linkResolver.cpp, line 766]
Event: 0.863 Thread 0x00007f95f4004000 Exception <a 'java/lang/IncompatibleClassChangeError'{0x000000070f333590}: Found class java.lang.Object, but interface was expected> (0x000000070f333590) 
thrown [./open/src/hotspot/share/interpreter/linkResolver.cpp, line 832]
Event: 0.871 Thread 0x00007f95f4004000 Exception <a 'java/lang/IncompatibleClassChangeError'{0x000000070f378b58}: Found class java.lang.Object, but interface was expected> (0x000000070f378b58) 
thrown [./open/src/hotspot/share/interpreter/linkResolver.cpp, line 832]
Event: 0.876 Thread 0x00007f95f4004000 Exception <a 'java/lang/NoSuchMethodError'{0x000000070f3b1810}: 'void java.lang.invoke.DirectMethodHandle$Holder.invokeSpecial(java.lang.Object, java.lang.Object, java.lang.Object, java.lang.Object, java.lang.Object)'> (0x000000070f3b1810) 
thrown [./open/src/hotspot/share/interpreter/linkResolver.cpp, line 766]
Event: 0.932 Thread 0x00007f95f4004000 Exception <a 'java/lang/NoSuchMethodError'{0x000000070edfee80}: 'java.lang.Object java.lang.invoke.DirectMethodHandle$Holder.invokeVirtual(java.lang.Object, java.lang.Object, java.lang.Object)'> (0x000000070edfee80) 
thrown [./open/src/hotspot/share/interpreter/linkResolver.cpp, line 766]
Event: 0.941 Thread 0x00007f95f4004000 Exception <a 'java/lang/NoSuchMethodError'{0x000000070ec82430}: 'void java.lang.invoke.DirectMethodHandle$Holder.invokeInterface(java.lang.Object, java.lang.Object, java.lang.Object, java.lang.Object)'> (0x000000070ec82430) 
thrown [./open/src/hotspot/share/interpreter/linkResolver.cpp, line 766]
Event: 0.941 Thread 0x00007f95f4004000 Exception <a 'java/lang/IncompatibleClassChangeError'{0x000000070ec84e58}: Found class java.lang.Object, but interface was expected> (0x000000070ec84e58) 
thrown [./open/src/hotspot/share/interpreter/linkResolver.cpp, line 832]
Event: 0.944 Thread 0x00007f95f4004000 Exception <a 'java/lang/NoSuchMethodError'{0x000000070eca7de0}: 'void java.lang.invoke.DirectMethodHandle$Holder.invokeStatic(java.lang.Object, java.lang.Object, java.lang.Object, java.lang.Object)'> (0x000000070eca7de0) 
thrown [./open/src/hotspot/share/interpreter/linkResolver.cpp, line 766]
Event: 0.961 Thread 0x00007f95f4004000 Exception <a 'java/lang/NoSuchMethodError'{0x000000070eb886f8}: 'java.lang.Object java.lang.invoke.Invokers$Holder.invokeExact_MT(java.lang.Object, java.lang.Object, java.lang.Object, java.lang.Object, java.lang.Object, java.lang.Object)'> (0x000000070eb886f8) 
thrown [./open/src/hotspot/share/interpreter/linkResolver.cpp, line 766]
Event: 0.985 Thread 0x00007f95f4004000 Exception <a 'java/lang/NoSuchMethodError'{0x000000070e91c430}: 'void java.lang.invoke.DirectMethodHandle$Holder.invokeSpecial(java.lang.Object, java.lang.Object)'> (0x000000070e91c430) 
thrown [./open/src/hotspot/share/interpreter/linkResolver.cpp, line 766]
Event: 1.011 Thread 0x00007f95f4004000 Exception <a 'java/lang/NoSuchMethodError'{0x000000070e8bf270}: 'int java.lang.invoke.DirectMethodHandle$Holder.invokeStaticInit(java.lang.Object, java.lang.Object, java.lang.Object)'> (0x000000070e8bf270) 
thrown [./open/src/hotspot/share/interpreter/linkResolver.cpp, line 766]
Event: 1.035 Thread 0x00007f95f4004000 Exception <a 'java/lang/NoSuchMethodError'{0x000000070e78f8b0}: 'int java.lang.invoke.DirectMethodHandle$Holder.invokeStaticInit(java.lang.Object, java.lang.Object)'> (0x000000070e78f8b0) 
thrown [./open/src/hotspot/share/interpreter/linkResolver.cpp, line 766]
Event: 1.051 Thread 0x00007f95f4004000 Exception <a 'java/lang/NoSuchMethodError'{0x000000070e7faf40}: 'java.lang.Object java.lang.invoke.DirectMethodHandle$Holder.invokeInterface(java.lang.Object, java.lang.Object, java.lang.Object, java.lang.Object, java.lang.Object)'> (0x000000070e7faf40) 
thrown [./open/src/hotspot/share/interpreter/linkResolver.cpp, line 766]
Event: 1.051 Thread 0x00007f95f4004000 Exception <a 'java/lang/IncompatibleClassChangeError'{0x000000070e7fe248}: Found class java.lang.Object, but interface was expected> (0x000000070e7fe248) 
thrown [./open/src/hotspot/share/interpreter/linkResolver.cpp, line 832]

Events (20 events):
Event: 733.262 Executing VM operation: get/set locals
Event: 733.262 Executing VM operation: get/set locals done
Event: 733.262 Executing VM operation: GetFrameLocation
Event: 733.263 Executing VM operation: GetFrameLocation done
Event: 733.263 Executing VM operation: get/set locals
Event: 733.263 Executing VM operation: get/set locals done
Event: 733.263 Executing VM operation: GetFrameLocation
Event: 733.263 Executing VM operation: GetFrameLocation done
Event: 733.263 Executing VM operation: get/set locals
Event: 733.263 Executing VM operation: get/set locals done
Event: 733.263 Executing VM operation: GetFrameLocation
Event: 733.263 Executing VM operation: GetFrameLocation done
Event: 733.263 Executing VM operation: get/set locals
Event: 733.263 Executing VM operation: get/set locals done
Event: 733.264 Executing VM operation: GetFrameLocation
Event: 733.264 Executing VM operation: GetFrameLocation done
Event: 733.264 Executing VM operation: get/set locals
Event: 733.264 Executing VM operation: get/set locals done
Event: 733.582 Executing VM operation: GetFrameLocation
Event: 733.582 Executing VM operation: GetFrameLocation done


Dynamic libraries:
0x00007fffb89b3000 	/usr/lib/libz.1.dylib
0x0000000100059000 	/Library/Java/JavaVirtualMachines/jdk-14.0.2.jdk/Contents/Home/lib/libjli.dylib
0x00007fffa2c8c000 	/System/Library/Frameworks/Cocoa.framework/Versions/A/Cocoa
0x00007fffa9537000 	/System/Library/Frameworks/Security.framework/Versions/A/Security
0x00007fffa1b43000 	/System/Library/Frameworks/ApplicationServices.framework/Versions/A/ApplicationServices
0x00007fffb74b2000 	/usr/lib/libSystem.B.dylib
0x00007fffb89d3000 	/usr/lib/system/libcache.dylib
0x00007fffb89d8000 	/usr/lib/system/libcommonCrypto.dylib
0x00007fffb89e3000 	/usr/lib/system/libcompiler_rt.dylib
0x00007fffb89eb000 	/usr/lib/system/libcopyfile.dylib
0x00007fffb89f4000 	/usr/lib/system/libcorecrypto.dylib
0x00007fffb8a78000 	/usr/lib/system/libdispatch.dylib
0x00007fffb8aaa000 	/usr/lib/system/libdyld.dylib
0x00007fffb8ab0000 	/usr/lib/system/libkeymgr.dylib
0x00007fffb8abe000 	/usr/lib/system/liblaunch.dylib
0x00007fffb8abf000 	/usr/lib/system/libmacho.dylib
0x00007fffb8ac5000 	/usr/lib/system/libquarantine.dylib
0x00007fffb8ac8000 	/usr/lib/system/libremovefile.dylib
0x00007fffb8aca000 	/usr/lib/system/libsystem_asl.dylib
0x00007fffb8ae3000 	/usr/lib/system/libsystem_blocks.dylib
0x00007fffb8ae4000 	/usr/lib/system/libsystem_c.dylib
0x00007fffb8b72000 	/usr/lib/system/libsystem_configuration.dylib
0x00007fffb8b76000 	/usr/lib/system/libsystem_coreservices.dylib
0x00007fffb8b7a000 	/usr/lib/system/libsystem_coretls.dylib
0x00007fffb8b93000 	/usr/lib/system/libsystem_dnssd.dylib
0x00007fffb8b9a000 	/usr/lib/system/libsystem_info.dylib
0x00007fffb8bc4000 	/usr/lib/system/libsystem_kernel.dylib
0x00007fffb8be7000 	/usr/lib/system/libsystem_m.dylib
0x00007fffb8c2f000 	/usr/lib/system/libsystem_malloc.dylib
0x00007fffb8c4e000 	/usr/lib/system/libsystem_network.dylib
0x00007fffb8ca8000 	/usr/lib/system/libsystem_networkextension.dylib
0x00007fffb8cb2000 	/usr/lib/system/libsystem_notify.dylib
0x00007fffb8cbc000 	/usr/lib/system/libsystem_platform.dylib
0x00007fffb8cc5000 	/usr/lib/system/libsystem_pthread.dylib
0x00007fffb8cd0000 	/usr/lib/system/libsystem_sandbox.dylib
0x00007fffb8cd4000 	/usr/lib/system/libsystem_secinit.dylib
0x00007fffb8cd6000 	/usr/lib/system/libsystem_symptoms.dylib
0x00007fffb8cde000 	/usr/lib/system/libsystem_trace.dylib
0x00007fffb8cf2000 	/usr/lib/system/libunwind.dylib
0x00007fffb8cf8000 	/usr/lib/system/libxpc.dylib
0x00007fffb8160000 	/usr/lib/libobjc.A.dylib
0x00007fffb7643000 	/usr/lib/libc++abi.dylib
0x00007fffb75ec000 	/usr/lib/libc++.1.dylib
0x00007fffa3222000 	/System/Library/Frameworks/CoreFoundation.framework/Versions/A/CoreFoundation
0x00007fffa4c9d000 	/System/Library/Frameworks/Foundation.framework/Versions/C/Foundation
0x00007fffa0d58000 	/System/Library/Frameworks/AppKit.framework/Versions/C/AppKit
0x00007fffa2e78000 	/System/Library/Frameworks/CoreData.framework/Versions/A/CoreData
0x00007fffb3f35000 	/System/Library/PrivateFrameworks/RemoteViewServices.framework/Versions/A/RemoteViewServices
0x00007fffb5f21000 	/System/Library/PrivateFrameworks/UIFoundation.framework/Versions/A/UIFoundation
0x00007fffaf2c0000 	/System/Library/PrivateFrameworks/DFRFoundation.framework/Versions/A/DFRFoundation
0x00007fffb7aa3000 	/usr/lib/libenergytrace.dylib
0x00007fffb4d62000 	/System/Library/PrivateFrameworks/SkyLight.framework/Versions/A/SkyLight
0x00007fffa36bf000 	/System/Library/Frameworks/CoreGraphics.framework/Versions/A/CoreGraphics
0x00007fffb74ad000 	/usr/lib/libScreenReader.dylib
0x00007fff9fd7a000 	/System/Library/Frameworks/Accelerate.framework/Versions/A/Accelerate
0x00007fffa529d000 	/System/Library/Frameworks/IOSurface.framework/Versions/A/IOSurface
0x00007fffa2067000 	/System/Library/Frameworks/AudioToolbox.framework/Versions/A/AudioToolbox
0x00007fffa2274000 	/System/Library/Frameworks/AudioUnit.framework/Versions/A/AudioUnit
0x00007fffaf305000 	/System/Library/PrivateFrameworks/DataDetectorsCore.framework/Versions/A/DataDetectorsCore
0x00007fffaf3f6000 	/System/Library/PrivateFrameworks/DesktopServicesPriv.framework/Versions/A/DesktopServicesPriv
0x00007fffa27d9000 	/System/Library/Frameworks/Carbon.framework/Versions/A/Frameworks/HIToolbox.framework/Versions/A/HIToolbox
0x00007fffb7bac000 	/usr/lib/libicucore.A.dylib
0x00007fffa8dcc000 	/System/Library/Frameworks/QuartzCore.framework/Versions/A/QuartzCore
0x00007fffa2ba5000 	/System/Library/Frameworks/Carbon.framework/Versions/A/Frameworks/SpeechRecognition.framework/Versions/A/SpeechRecognition
0x00007fffb75cb000 	/usr/lib/libauto.dylib
0x00007fffb8899000 	/usr/lib/libxml2.2.dylib
0x00007fffaef7a000 	/System/Library/PrivateFrameworks/CoreUI.framework/Versions/A/CoreUI
0x00007fffa2dd6000 	/System/Library/Frameworks/CoreAudio.framework/Versions/A/CoreAudio
0x00007fffa4b06000 	/System/Library/Frameworks/DiskArbitration.framework/Versions/A/DiskArbitration
0x00007fffb7dd7000 	/usr/lib/liblangid.dylib
0x00007fffb2e1b000 	/System/Library/PrivateFrameworks/MultitouchSupport.framework/Versions/A/MultitouchSupport
0x00007fffa5206000 	/System/Library/Frameworks/IOKit.framework/Versions/A/IOKit
0x00007fffb7273000 	/usr/lib/libDiagnosticMessagesClient.dylib
0x00007fffa40ea000 	/System/Library/Frameworks/CoreServices.framework/Versions/A/CoreServices
0x00007fffb37d9000 	/System/Library/PrivateFrameworks/PerformanceAnalysis.framework/Versions/A/PerformanceAnalysis
0x00007fffb1248000 	/System/Library/PrivateFrameworks/GenerationalStorage.framework/Versions/A/GenerationalStorage
0x00007fffa826c000 	/System/Library/Frameworks/OpenGL.framework/Versions/A/OpenGL
0x00007fffa3d42000 	/System/Library/Frameworks/CoreImage.framework/Versions/A/CoreImage
0x00007fffa4813000 	/System/Library/Frameworks/CoreText.framework/Versions/A/CoreText
0x00007fffa52f6000 	/System/Library/Frameworks/ImageIO.framework/Versions/A/ImageIO
0x00007fffacb37000 	/System/Library/PrivateFrameworks/Backup.framework/Versions/A/Backup
0x00007fffb751f000 	/usr/lib/libarchive.2.dylib
0x00007fffa23dd000 	/System/Library/Frameworks/CFNetwork.framework/Versions/A/CFNetwork
0x00007fffa9c64000 	/System/Library/Frameworks/SystemConfiguration.framework/Versions/A/SystemConfiguration
0x00007fffb71ba000 	/usr/lib/libCRFSuite.dylib
0x00007fffb75cc000 	/usr/lib/libbsm.0.dylib
0x00007fffb8ab1000 	/usr/lib/system/libkxld.dylib
0x00007fffb7695000 	/usr/lib/libcoretls.dylib
0x00007fffb7696000 	/usr/lib/libcoretls_cfhelpers.dylib
0x00007fffb74ac000 	/usr/lib/libOpenScriptingUtil.dylib
0x00007fffb8535000 	/usr/lib/libpam.2.dylib
0x00007fffb85f4000 	/usr/lib/libsqlite3.dylib
0x00007fffb888b000 	/usr/lib/libxar.1.dylib
0x00007fffb75dd000 	/usr/lib/libbz2.1.0.dylib
0x00007fffb7dd9000 	/usr/lib/liblzma.5.dylib
0x00007fffb80e5000 	/usr/lib/libnetwork.dylib
0x00007fffb853a000 	/usr/lib/libpcap.A.dylib
0x00007fffa444d000 	/System/Library/Frameworks/CoreServices.framework/Versions/A/Frameworks/FSEvents.framework/Versions/A/FSEvents
0x00007fffa413d000 	/System/Library/Frameworks/CoreServices.framework/Versions/A/Frameworks/CarbonCore.framework/Versions/A/CarbonCore
0x00007fffa45c3000 	/System/Library/Frameworks/CoreServices.framework/Versions/A/Frameworks/Metadata.framework/Versions/A/Metadata
0x00007fffa4674000 	/System/Library/Frameworks/CoreServices.framework/Versions/A/Frameworks/OSServices.framework/Versions/A/OSServices
0x00007fffa46d4000 	/System/Library/Frameworks/CoreServices.framework/Versions/A/Frameworks/SearchKit.framework/Versions/A/SearchKit
0x00007fffa40eb000 	/System/Library/Frameworks/CoreServices.framework/Versions/A/Frameworks/AE.framework/Versions/A/AE
0x00007fffa4456000 	/System/Library/Frameworks/CoreServices.framework/Versions/A/Frameworks/LaunchServices.framework/Versions/A/LaunchServices
0x00007fffa4419000 	/System/Library/Frameworks/CoreServices.framework/Versions/A/Frameworks/DictionaryServices.framework/Versions/A/DictionaryServices
0x00007fffa4745000 	/System/Library/Frameworks/CoreServices.framework/Versions/A/Frameworks/SharedFileList.framework/Versions/A/SharedFileList
0x00007fffa7490000 	/System/Library/Frameworks/NetFS.framework/Versions/A/NetFS
0x00007fffb2ef5000 	/System/Library/PrivateFrameworks/NetAuth.framework/Versions/A/NetAuth
0x00007fffb7163000 	/System/Library/PrivateFrameworks/login.framework/Versions/A/Frameworks/loginsupport.framework/Versions/A/loginsupport
0x00007fffb5d53000 	/System/Library/PrivateFrameworks/TCC.framework/Versions/A/TCC
0x00007fffb7e0a000 	/usr/lib/libmecabra.dylib
0x00007fffa1b44000 	/System/Library/Frameworks/ApplicationServices.framework/Versions/A/Frameworks/ATS.framework/Versions/A/ATS
0x00007fffa1ec4000 	/System/Library/Frameworks/ApplicationServices.framework/Versions/A/Frameworks/ColorSync.framework/Versions/A/ColorSync
0x00007fffa1f6f000 	/System/Library/Frameworks/ApplicationServices.framework/Versions/A/Frameworks/HIServices.framework/Versions/A/HIServices
0x00007fffa1fc1000 	/System/Library/Frameworks/ApplicationServices.framework/Versions/A/Frameworks/LangAnalysis.framework/Versions/A/LangAnalysis
0x00007fffa1fd1000 	/System/Library/Frameworks/ApplicationServices.framework/Versions/A/Frameworks/PrintCore.framework/Versions/A/PrintCore
0x00007fffa201f000 	/System/Library/Frameworks/ApplicationServices.framework/Versions/A/Frameworks/QD.framework/Versions/A/QD
0x00007fffa205b000 	/System/Library/Frameworks/ApplicationServices.framework/Versions/A/Frameworks/SpeechSynthesis.framework/Versions/A/SpeechSynthesis
0x00007fff9fd93000 	/System/Library/Frameworks/Accelerate.framework/Versions/A/Frameworks/vImage.framework/Versions/A/vImage
0x00007fffa0a99000 	/System/Library/Frameworks/Accelerate.framework/Versions/A/Frameworks/vecLib.framework/Versions/A/vecLib
0x00007fffa085e000 	/System/Library/Frameworks/Accelerate.framework/Versions/A/Frameworks/vecLib.framework/Versions/A/libvDSP.dylib
0x00007fffa041f000 	/System/Library/Frameworks/Accelerate.framework/Versions/A/Frameworks/vecLib.framework/Versions/A/libBNNS.dylib
0x00007fffa0842000 	/System/Library/Frameworks/Accelerate.framework/Versions/A/Frameworks/vecLib.framework/Versions/A/libQuadrature.dylib
0x00007fffa09e6000 	/System/Library/Frameworks/Accelerate.framework/Versions/A/Frameworks/vecLib.framework/Versions/A/libvMisc.dylib
0x00007fffa0434000 	/System/Library/Frameworks/Accelerate.framework/Versions/A/Frameworks/vecLib.framework/Versions/A/libLAPACK.dylib
0x00007fffa02ad000 	/System/Library/Frameworks/Accelerate.framework/Versions/A/Frameworks/vecLib.framework/Versions/A/libBLAS.dylib
0x00007fffa082b000 	/System/Library/Frameworks/Accelerate.framework/Versions/A/Frameworks/vecLib.framework/Versions/A/libLinearAlgebra.dylib
0x00007fffa0849000 	/System/Library/Frameworks/Accelerate.framework/Versions/A/Frameworks/vecLib.framework/Versions/A/libSparseBLAS.dylib
0x00007fffa1c4c000 	/System/Library/Frameworks/ApplicationServices.framework/Versions/A/Frameworks/ATS.framework/Versions/A/Resources/libFontParser.dylib
0x00007fffa1d7c000 	/System/Library/Frameworks/ApplicationServices.framework/Versions/A/Frameworks/ATS.framework/Versions/A/Resources/libFontRegistry.dylib
0x00007fffa554d000 	/System/Library/Frameworks/ImageIO.framework/Versions/A/Resources/libJPEG.dylib
0x00007fffa559c000 	/System/Library/Frameworks/ImageIO.framework/Versions/A/Resources/libTIFF.dylib
0x00007fffa5571000 	/System/Library/Frameworks/ImageIO.framework/Versions/A/Resources/libPng.dylib
0x00007fffa5457000 	/System/Library/Frameworks/ImageIO.framework/Versions/A/Resources/libGIF.dylib
0x00007fffa545c000 	/System/Library/Frameworks/ImageIO.framework/Versions/A/Resources/libJP2.dylib
0x00007fffa5599000 	/System/Library/Frameworks/ImageIO.framework/Versions/A/Resources/libRadiance.dylib
0x00007fffb767e000 	/usr/lib/libcompression.dylib
0x00007fffac679000 	/System/Library/PrivateFrameworks/AppleJPEG.framework/Versions/A/AppleJPEG
0x00007fffb79d3000 	/usr/lib/libcups.2.dylib
0x00007fffa6353000 	/System/Library/Frameworks/Kerberos.framework/Versions/A/Kerberos
0x00007fffa5071000 	/System/Library/Frameworks/GSS.framework/Versions/A/GSS
0x00007fffb8588000 	/usr/lib/libresolv.9.dylib
0x00007fffb7ab9000 	/usr/lib/libiconv.2.dylib
0x00007fffb1975000 	/System/Library/PrivateFrameworks/Heimdal.framework/Versions/A/Heimdal
0x00007fffb7ab3000 	/usr/lib/libheimdal-asn1.dylib
0x00007fffa76e1000 	/System/Library/Frameworks/OpenDirectory.framework/Versions/A/OpenDirectory
0x00007fffae18c000 	/System/Library/PrivateFrameworks/CommonAuth.framework/Versions/A/CommonAuth
0x00007fffa76c7000 	/System/Library/Frameworks/OpenDirectory.framework/Versions/A/Frameworks/CFOpenDirectory.framework/Versions/A/CFOpenDirectory
0x00007fffa983a000 	/System/Library/Frameworks/SecurityFoundation.framework/Versions/A/SecurityFoundation
0x00007fffb212d000 	/System/Library/PrivateFrameworks/LanguageModeling.framework/Versions/A/LanguageModeling
0x00007fffb7df3000 	/usr/lib/libmarisa.dylib
0x00007fffb71d6000 	/usr/lib/libChineseTokenizer.dylib
0x00007fffb766d000 	/usr/lib/libcmph.dylib
0x00007fffae8de000 	/System/Library/PrivateFrameworks/CoreEmoji.framework/Versions/A/CoreEmoji
0x00007fffa98da000 	/System/Library/Frameworks/ServiceManagement.framework/Versions/A/ServiceManagement
0x00007fffb8989000 	/usr/lib/libxslt.1.dylib
0x00007fffa2aed000 	/System/Library/Frameworks/Carbon.framework/Versions/A/Frameworks/Ink.framework/Versions/A/Ink
0x00007fffb5de5000 	/System/Library/PrivateFrameworks/TextureIO.framework/Versions/A/TextureIO
0x00007fffa6b4c000 	/System/Library/Frameworks/Metal.framework/Versions/A/Metal
0x00007fffb754b000 	/usr/lib/libate.dylib
0x00007fffb0f77000 	/System/Library/PrivateFrameworks/GPUCompiler.framework/libmetal_timestamp.dylib
0x00007fffa76f0000 	/System/Library/Frameworks/OpenGL.framework/Versions/A/Libraries/libCoreFSCache.dylib
0x00007fffb2006000 	/System/Library/PrivateFrameworks/IOAccelerator.framework/Versions/A/IOAccelerator
0x00007fffa4961000 	/System/Library/Frameworks/CoreVideo.framework/Versions/A/CoreVideo
0x00007fffb7275000 	/usr/lib/libFosl_dynamic.dylib
0x00007fffb2c05000 	/System/Library/PrivateFrameworks/MetalPerformanceShaders.framework/Versions/A/MetalPerformanceShaders
0x00007fffaf7ef000 	/System/Library/PrivateFrameworks/FaceCore.framework/Versions/A/FaceCore
0x00007fffa7678000 	/System/Library/Frameworks/OpenCL.framework/Versions/A/OpenCL
0x00007fffa78c3000 	/System/Library/Frameworks/OpenGL.framework/Versions/A/Libraries/libGLU.dylib
0x00007fffa76f9000 	/System/Library/Frameworks/OpenGL.framework/Versions/A/Libraries/libGFXShared.dylib
0x00007fffa7703000 	/System/Library/Frameworks/OpenGL.framework/Versions/A/Libraries/libGL.dylib
0x00007fffa770f000 	/System/Library/Frameworks/OpenGL.framework/Versions/A/Libraries/libGLImage.dylib
0x00007fffa76ed000 	/System/Library/Frameworks/OpenGL.framework/Versions/A/Libraries/libCVMSPluginSupport.dylib
0x00007fffa76f4000 	/System/Library/Frameworks/OpenGL.framework/Versions/A/Libraries/libCoreVMClient.dylib
0x00007fffaf240000 	/System/Library/PrivateFrameworks/CrashReporterSupport.framework/Versions/A/CrashReporterSupport
0x00007fffb4cb4000 	/System/Library/PrivateFrameworks/Sharing.framework/Versions/A/Sharing
0x00007fffb2024000 	/System/Library/PrivateFrameworks/IconServices.framework/Versions/A/IconServices
0x00007fffb3f02000 	/System/Library/PrivateFrameworks/ProtocolBuffer.framework/Versions/A/ProtocolBuffer
0x00007fffac556000 	/System/Library/PrivateFrameworks/Apple80211.framework/Versions/A/Apple80211
0x00007fffa4997000 	/System/Library/Frameworks/CoreWLAN.framework/Versions/A/CoreWLAN
0x00007fffaf0ba000 	/System/Library/PrivateFrameworks/CoreUtils.framework/Versions/A/CoreUtils
0x00007fffa5162000 	/System/Library/Frameworks/IOBluetooth.framework/Versions/A/IOBluetooth
0x00007fffaf1da000 	/System/Library/PrivateFrameworks/CoreWiFi.framework/Versions/A/CoreWiFi
0x00007fffa2e64000 	/System/Library/Frameworks/CoreBluetooth.framework/Versions/A/CoreBluetooth
0x00007fffa3174000 	/System/Library/Frameworks/CoreDisplay.framework/Versions/A/CoreDisplay
0x00007fffb200f000 	/System/Library/PrivateFrameworks/IOPresentment.framework/Versions/A/IOPresentment
0x00007fffaf2cb000 	/System/Library/PrivateFrameworks/DSExternalDisplay.framework/Versions/A/DSExternalDisplay
0x00007fffaf3b6000 	/System/Library/PrivateFrameworks/DebugSymbols.framework/Versions/A/DebugSymbols
0x00007fffaeeea000 	/System/Library/PrivateFrameworks/CoreSymbolication.framework/Versions/A/CoreSymbolication
0x00007fffb58a0000 	/System/Library/PrivateFrameworks/Symbolication.framework/Versions/A/Symbolication
0x00007fffac579000 	/System/Library/PrivateFrameworks/AppleFSCompression.framework/Versions/A/AppleFSCompression
0x00007fffb51a8000 	/System/Library/PrivateFrameworks/SpeechRecognitionCore.framework/Versions/A/SpeechRecognitionCore
0x00007fffad840000 	/System/Library/PrivateFrameworks/ChunkingLibrary.framework/Versions/A/ChunkingLibrary
0x0000000100b7b000 	/Library/Java/JavaVirtualMachines/jdk-14.0.2.jdk/Contents/Home/lib/server/libjvm.dylib
0x00000001001cf000 	/Library/Java/JavaVirtualMachines/jdk-14.0.2.jdk/Contents/Home/lib/libjimage.dylib
0x0000000100a00000 	/Library/Java/JavaVirtualMachines/jdk-14.0.2.jdk/Contents/Home/lib/libjdwp.dylib
0x0000000100a3c000 	/Library/Java/JavaVirtualMachines/jdk-14.0.2.jdk/Contents/Home/lib/./libjava.dylib
0x00000001001dc000 	/Library/Java/JavaVirtualMachines/jdk-14.0.2.jdk/Contents/Home/lib/libinstrument.dylib
0x0000000100a95000 	/Library/Java/JavaVirtualMachines/jdk-14.0.2.jdk/Contents/Home/lib/libzip.dylib
0x0000000125cb2000 	/Library/Java/JavaVirtualMachines/jdk-14.0.2.jdk/Contents/Home/lib/libdt_socket.dylib
0x0000000125ce4000 	/Library/Java/JavaVirtualMachines/jdk-14.0.2.jdk/Contents/Home/lib/libnio.dylib
0x0000000125cf7000 	/Library/Java/JavaVirtualMachines/jdk-14.0.2.jdk/Contents/Home/lib/./libnet.dylib
0x0000000125e21000 	/Library/Java/JavaVirtualMachines/jdk-14.0.2.jdk/Contents/Home/lib/libverify.dylib
0x0000000125fb3000 	/Library/Java/JavaVirtualMachines/jdk-14.0.2.jdk/Contents/Home/lib/libextnet.dylib


VM Arguments:
jvm_args: -agentlib:jdwp=transport=dt_socket,suspend=y,address=localhost:52229 -ea -javaagent:/Users/chantalwang/eclipse/java-2020-06/Eclipse.app/Contents/Eclipse/configuration/org.eclipse.osgi/214/0/.cp/lib/javaagent-shaded.jar -Dfile.encoding=UTF-8 
java_command: org.eclipse.jdt.internal.junit.runner.RemoteTestRunner -version 3 -port 52228 -testLoaderClass org.eclipse.jdt.internal.junit5.runner.JUnit5TestLoader -loaderpluginname org.eclipse.jdt.junit5.runtime -classNames tests.TestMovingPieces
java_class_path (initial): /Users/chantalwang/Desktop/College/Software_Engineering/C07A_Mikulich_Wang/bin:/Users/chantalwang/.p2/pool/plugins/org.junit.jupiter.api_5.6.0.v20200203-2009.jar:/Users/chantalwang/.p2/pool/plugins/org.junit.jupiter.engine_5.6.0.v20200203-2009.jar:/Users/chantalwang/.p2/pool/plugins/org.junit.jupiter.migrationsupport_5.6.0.v20200203-2009.jar:/Users/chantalwang/.p2/pool/plugins/org.junit.jupiter.params_5.6.0.v20200203-2009.jar:/Users/chantalwang/.p2/pool/plugins/org.junit.platform.commons_1.6.0.v20200203-2009.jar:/Users/chantalwang/.p2/pool/plugins/org.junit.platform.engine_1.6.0.v20200203-2009.jar:/Users/chantalwang/.p2/pool/plugins/org.junit.platform.launcher_1.6.0.v20200203-2009.jar:/Users/chantalwang/.p2/pool/plugins/org.junit.platform.runner_1.6.0.v20200203-2009.jar:/Users/chantalwang/.p2/pool/plugins/org.junit.platform.suite.api_1.6.0.v20200203-2009.jar:/Users/chantalwang/.p2/pool/plugins/org.junit.vintage.engine_5.6.0.v20200203-2009.jar:/Users/chantalwang/.p2/pool/plugins/org.opentest4j_1.2.0.v20190826-0900.jar:/Users/chantalwang/.p2/pool/plugins/org.apiguardian_1.1.0.v20190826-0900.jar:/Users/chantalwang/.p2/pool/plugins/org.junit_4.13.0.v20200204-1500.jar:/Users/chantalwang/.p2/pool/plugins/org.hamcrest.core_1.3.0.v20180420-1519.jar:/Users/chantalwang/eclipse/java-2020-06/Eclipse.app/Contents/Eclipse/configuration/org.eclipse.osgi/213/0/.cp:/Users/chantalwang/eclipse/java-2020-06/Eclipse.app/Contents/Eclipse/configuration/org.eclipse.osgi/211/0/.cp
Launcher Type: SUN_STANDARD

[Global flags]
     intx CICompilerCount                          = 3                                         {product} {ergonomic}
     uint ConcGCThreads                            = 1                                         {product} {ergonomic}
     uint G1ConcRefinementThreads                  = 4                                         {product} {ergonomic}
   size_t G1HeapRegionSize                         = 1048576                                   {product} {ergonomic}
    uintx GCDrainStackTargetSize                   = 64                                        {product} {ergonomic}
   size_t InitialHeapSize                          = 268435456                                 {product} {ergonomic}
   size_t MarkStackSize                            = 4194304                                   {product} {ergonomic}
   size_t MaxHeapSize                              = 4294967296                                {product} {ergonomic}
   size_t MaxNewSize                               = 2576351232                                {product} {ergonomic}
   size_t MinHeapDeltaBytes                        = 1048576                                   {product} {ergonomic}
   size_t MinHeapSize                              = 8388608                                   {product} {ergonomic}
    uintx NonNMethodCodeHeapSize                   = 5832780                                {pd product} {ergonomic}
    uintx NonProfiledCodeHeapSize                  = 122912730                              {pd product} {ergonomic}
    uintx ProfiledCodeHeapSize                     = 122912730                              {pd product} {ergonomic}
    uintx ReservedCodeCacheSize                    = 251658240                              {pd product} {ergonomic}
     bool SegmentedCodeCache                       = true                                      {product} {ergonomic}
   size_t SoftMaxHeapSize                          = 4294967296                             {manageable} {ergonomic}
     bool UseCompressedClassPointers               = true                                 {lp64_product} {ergonomic}
     bool UseCompressedOops                        = true                                 {lp64_product} {ergonomic}
     bool UseG1GC                                  = true                                      {product} {ergonomic}

Logging:
Log output configuration:
 #0: stdout all=warning uptime,level,tags
 #1: stderr all=off uptime,level,tags

Environment Variables:
PATH=/usr/bin:/bin:/usr/sbin:/sbin
SHELL=/bin/bash

Signal Handlers:
SIGSEGV: [libjvm.dylib+0x7415b8], sa_mask[0]=11111111011111110111111111111111, sa_flags=SA_ONSTACK|SA_RESTART|SA_SIGINFO
SIGBUS: [libjvm.dylib+0x7415b8], sa_mask[0]=11111111011111110111111111111111, sa_flags=SA_RESTART|SA_SIGINFO
SIGFPE: [libjvm.dylib+0x7415b8], sa_mask[0]=11111111011111110111111111111111, sa_flags=SA_RESTART|SA_SIGINFO
SIGPIPE: [libjvm.dylib+0x5eb4b1], sa_mask[0]=11111111011111110111111111111111, sa_flags=SA_RESTART|SA_SIGINFO
SIGXFSZ: [libjvm.dylib+0x5eb4b1], sa_mask[0]=11111111011111110111111111111111, sa_flags=SA_RESTART|SA_SIGINFO
SIGILL: [libjvm.dylib+0x7415b8], sa_mask[0]=11111111011111110111111111111111, sa_flags=SA_RESTART|SA_SIGINFO
SIGUSR2: [libjvm.dylib+0x5eba83], sa_mask[0]=00100000000000000000000000000000, sa_flags=SA_RESTART|SA_SIGINFO
SIGHUP: [libjvm.dylib+0x5eaae5], sa_mask[0]=11111111011111110111111111111111, sa_flags=SA_RESTART|SA_SIGINFO
SIGINT: [libjvm.dylib+0x5eaae5], sa_mask[0]=11111111011111110111111111111111, sa_flags=SA_RESTART|SA_SIGINFO
SIGTERM: [libjvm.dylib+0x5eaae5], sa_mask[0]=11111111011111110111111111111111, sa_flags=SA_RESTART|SA_SIGINFO
SIGQUIT: [libjvm.dylib+0x5eaae5], sa_mask[0]=11111111011111110111111111111111, sa_flags=SA_RESTART|SA_SIGINFO


---------------  S Y S T E M  ---------------

OS:uname:Darwin 16.7.0 Darwin Kernel Version 16.7.0: Sun Jun  2 20:26:31 PDT 2019; root:xnu-3789.73.50~1/RELEASE_X86_64 x86_64
OS uptime: 2 days 4:25 hours
rlimit: STACK 8192k, CORE 0k, NPROC 709, NOFILE 10240, AS infinity, DATA infinity, FSIZE infinity
load average:1.62 1.56 1.29

CPU:total 4 (initial active 4) (2 cores per cpu, 2 threads per core) family 6 model 61 stepping 4, cmov, cx8, fxsr, mmx, sse, sse2, sse3, ssse3, sse4.1, sse4.2, popcnt, avx, avx2, aes, clmul, erms, 3dnowpref, lzcnt, ht, tsc, tscinvbit, bmi1, bmi2, adx, fma

Memory: 4k page, physical 16777216k(139020k free), swap 1048576k(882944k free)

vm_info: Java HotSpot(TM) 64-Bit Server VM (14.0.2+12-46) for bsd-amd64 JRE (14.0.2+12-46), built on Jul  8 2020 23:32:31 by "mach5one" with clang 4.2.1 Compatible Apple LLVM 10.0.0 (clang-1000.11.45.5)

END.
